#! /c/Source/iverilog-install/bin/vvp
:ivl_version "12.0 (devel)" "(s20150603-1539-g2693dd32b)";
:ivl_delay_selection "TYPICAL";
:vpi_time_precision - 12;
:vpi_module "C:\iverilog\lib\ivl\system.vpi";
:vpi_module "C:\iverilog\lib\ivl\vhdl_sys.vpi";
:vpi_module "C:\iverilog\lib\ivl\vhdl_textio.vpi";
:vpi_module "C:\iverilog\lib\ivl\v2005_math.vpi";
:vpi_module "C:\iverilog\lib\ivl\va_math.vpi";
S_0000019bb35d0f30 .scope module, "division_4bit_tb" "division_4bit_tb" 2 4;
 .timescale -9 -12;
v0000019bb3664df0_0 .var "clk", 0 0;
v0000019bb3665570_0 .var "dividend", 3 0;
v0000019bb36659d0_0 .var "divisor", 3 0;
v0000019bb3665a70_0 .net "done", 0 0, v0000019bb35bec10_0;  1 drivers
v0000019bb3665c50_0 .net "quotient", 3 0, v0000019bb365c810_0;  1 drivers
v0000019bb3665cf0_0 .net "remainder", 4 0, v0000019bb365d2b0_0;  1 drivers
v0000019bb3665d90_0 .var "rst", 0 0;
v0000019bb3665e30_0 .var "start", 0 0;
S_0000019bb35b8110 .scope module, "uut" "restoring_division_topmodule" 2 20, 3 6 0, S_0000019bb35d0f30;
 .timescale -9 -12;
    .port_info 0 /INPUT 1 "clk";
    .port_info 1 /INPUT 1 "rst";
    .port_info 2 /INPUT 1 "start";
    .port_info 3 /INPUT 4 "dividend";
    .port_info 4 /INPUT 4 "divisor";
    .port_info 5 /OUTPUT 4 "quotient";
    .port_info 6 /OUTPUT 5 "remainder";
    .port_info 7 /OUTPUT 1 "done";
v0000019bb3665070_0 .net "clk", 0 0, v0000019bb3664df0_0;  1 drivers
v0000019bb3665ed0_0 .net "count", 1 0, v0000019bb35bd450_0;  1 drivers
v0000019bb3664710_0 .net "count_enable", 0 0, v0000019bb35bd8b0_0;  1 drivers
v0000019bb3666010_0 .net "dividend", 3 0, v0000019bb3665570_0;  1 drivers
v0000019bb36642b0_0 .net "divisor", 3 0, v0000019bb36659d0_0;  1 drivers
v0000019bb3664e90_0 .net "done", 0 0, v0000019bb35bec10_0;  alias, 1 drivers
v0000019bb36643f0_0 .net "ld_A", 0 0, v0000019bb35be3f0_0;  1 drivers
v0000019bb3665110_0 .net "ld_Q", 0 0, v0000019bb35bd590_0;  1 drivers
v0000019bb3665610_0 .net "ld_rem_quotient", 0 0, v0000019bb35be210_0;  1 drivers
v0000019bb36651b0_0 .net "negative_flag", 0 0, v0000019bb35bd950_0;  1 drivers
v0000019bb3665250_0 .net "quotient", 3 0, v0000019bb365c810_0;  alias, 1 drivers
v0000019bb3665890_0 .net "remainder", 4 0, v0000019bb365d2b0_0;  alias, 1 drivers
v0000019bb36657f0_0 .net "rst", 0 0, v0000019bb3665d90_0;  1 drivers
v0000019bb36652f0_0 .net "select_A", 0 0, v0000019bb35bde50_0;  1 drivers
v0000019bb3664cb0_0 .net "select_Q", 0 0, v0000019bb35bda90_0;  1 drivers
v0000019bb3664a30_0 .net "select_add", 0 0, v0000019bb35bead0_0;  1 drivers
v0000019bb36647b0_0 .net "select_mux_2", 0 0, v0000019bb35be0d0_0;  1 drivers
v0000019bb3664530_0 .net "shift_left_enable_a", 0 0, v0000019bb35be350_0;  1 drivers
v0000019bb3665390_0 .net "shift_left_enable_q", 0 0, v0000019bb35bef30_0;  1 drivers
v0000019bb3665430_0 .net "start", 0 0, v0000019bb3665e30_0;  1 drivers
v0000019bb3664ad0_0 .net "status", 0 0, v0000019bb35be850_0;  1 drivers
S_0000019bb35b82a0 .scope module, "controlpath" "restoring_division_controlpath" 3 55, 4 3 0, S_0000019bb35b8110;
 .timescale -9 -12;
    .port_info 0 /INPUT 1 "clk";
    .port_info 1 /INPUT 1 "rst";
    .port_info 2 /INPUT 1 "start";
    .port_info 3 /INPUT 1 "negative_flag";
    .port_info 4 /INPUT 2 "count";
    .port_info 5 /INPUT 1 "status";
    .port_info 6 /OUTPUT 1 "select_A";
    .port_info 7 /OUTPUT 1 "select_Q";
    .port_info 8 /OUTPUT 1 "ld_A";
    .port_info 9 /OUTPUT 1 "ld_Q";
    .port_info 10 /OUTPUT 1 "shift_left_enable_a";
    .port_info 11 /OUTPUT 1 "select_add";
    .port_info 12 /OUTPUT 1 "select_mux_2";
    .port_info 13 /OUTPUT 1 "shift_left_enable_q";
    .port_info 14 /OUTPUT 1 "count_enable";
    .port_info 15 /OUTPUT 1 "ld_rem_quotient";
    .port_info 16 /OUTPUT 1 "done";
P_0000019bb3565810 .param/l "adder" 0 4 36, C4<1001>;
P_0000019bb3565848 .param/l "check" 0 4 37, C4<1010>;
P_0000019bb3565880 .param/l "display" 0 4 39, C4<1100>;
P_0000019bb35658b8 .param/l "idle" 0 4 27, C4<0000>;
P_0000019bb35658f0 .param/l "iter" 0 4 38, C4<1011>;
P_0000019bb3565928 .param/l "load" 0 4 28, C4<0001>;
P_0000019bb3565960 .param/l "shift_a" 0 4 29, C4<0010>;
P_0000019bb3565998 .param/l "shift_q" 0 4 32, C4<0101>;
P_0000019bb35659d0 .param/l "subtract" 0 4 31, C4<0100>;
P_0000019bb3565a08 .param/l "wait_a" 0 4 30, C4<0011>;
P_0000019bb3565a40 .param/l "wait_extra_debug" 0 4 35, C4<1000>;
P_0000019bb3565a78 .param/l "wait_load" 0 4 34, C4<0111>;
P_0000019bb3565ab0 .param/l "wait_q" 0 4 33, C4<0110>;
v0000019bb35bed50_0 .net "clk", 0 0, v0000019bb3664df0_0;  alias, 1 drivers
v0000019bb35bdd10_0 .net "count", 1 0, v0000019bb35bd450_0;  alias, 1 drivers
v0000019bb35bd8b0_0 .var "count_enable", 0 0;
v0000019bb35bec10_0 .var "done", 0 0;
v0000019bb35be3f0_0 .var "ld_A", 0 0;
v0000019bb35bd590_0 .var "ld_Q", 0 0;
v0000019bb35be210_0 .var "ld_rem_quotient", 0 0;
v0000019bb35be710_0 .net "negative_flag", 0 0, v0000019bb35bd950_0;  alias, 1 drivers
v0000019bb35be2b0_0 .var "next_state", 3 0;
v0000019bb35bd810_0 .var "present_state", 3 0;
v0000019bb35bedf0_0 .net "rst", 0 0, v0000019bb3665d90_0;  alias, 1 drivers
v0000019bb35bde50_0 .var "select_A", 0 0;
v0000019bb35bda90_0 .var "select_Q", 0 0;
v0000019bb35bead0_0 .var "select_add", 0 0;
v0000019bb35be0d0_0 .var "select_mux_2", 0 0;
v0000019bb35be350_0 .var "shift_left_enable_a", 0 0;
v0000019bb35bef30_0 .var "shift_left_enable_q", 0 0;
v0000019bb35bdf90_0 .net "start", 0 0, v0000019bb3665e30_0;  alias, 1 drivers
v0000019bb35be5d0_0 .net "status", 0 0, v0000019bb35be850_0;  alias, 1 drivers
E_0000019bb35c5820 .event anyedge, v0000019bb35bd810_0;
E_0000019bb35c6da0 .event anyedge, v0000019bb35bdf90_0, v0000019bb35bd810_0;
E_0000019bb35c6a60 .event posedge, v0000019bb35bedf0_0, v0000019bb35bed50_0;
S_0000019bb3565af0 .scope module, "datapath" "restoring_division_datapath" 3 33, 5 16 0, S_0000019bb35b8110;
 .timescale -9 -12;
    .port_info 0 /INPUT 1 "clk";
    .port_info 1 /INPUT 1 "rst";
    .port_info 2 /INPUT 4 "dividend";
    .port_info 3 /INPUT 4 "divisor";
    .port_info 4 /INPUT 1 "select_A";
    .port_info 5 /INPUT 1 "select_Q";
    .port_info 6 /INPUT 1 "ld_A";
    .port_info 7 /INPUT 1 "ld_Q";
    .port_info 8 /INPUT 1 "shift_left_enable_a";
    .port_info 9 /INPUT 1 "select_add";
    .port_info 10 /INPUT 1 "select_mux_2";
    .port_info 11 /INPUT 1 "shift_left_enable_q";
    .port_info 12 /INPUT 1 "count_enable";
    .port_info 13 /INPUT 1 "ld_rem_quotient";
    .port_info 14 /OUTPUT 1 "negative_flag";
    .port_info 15 /OUTPUT 4 "quotient";
    .port_info 16 /OUTPUT 5 "remainder";
    .port_info 17 /OUTPUT 2 "count";
    .port_info 18 /OUTPUT 1 "status";
v0000019bb365d990_0 .net "A", 4 0, v0000019bb35bdef0_0;  1 drivers
v0000019bb365dcb0_0 .net "Q", 3 0, v0000019bb35bf070_0;  1 drivers
L_0000019bb3666210 .functor BUFT 1, C4<0>, C4<0>, C4<0>, C4<0>;
v0000019bb365d710_0 .net/2u *"_ivl_10", 0 0, L_0000019bb3666210;  1 drivers
L_0000019bb36661c8 .functor BUFT 1, C4<0>, C4<0>, C4<0>, C4<0>;
v0000019bb365dad0_0 .net/2u *"_ivl_6", 0 0, L_0000019bb36661c8;  1 drivers
v0000019bb365c6d0_0 .net "adder_out", 4 0, v0000019bb35be7b0_0;  1 drivers
v0000019bb365de90_0 .net "clk", 0 0, v0000019bb3664df0_0;  alias, 1 drivers
v0000019bb365cbd0_0 .net "count", 1 0, v0000019bb35bd450_0;  alias, 1 drivers
v0000019bb365dd50_0 .net "count_enable", 0 0, v0000019bb35bd8b0_0;  alias, 1 drivers
v0000019bb365dfd0_0 .net "dividend", 3 0, v0000019bb3665570_0;  alias, 1 drivers
v0000019bb365d030_0 .net "divisor", 3 0, v0000019bb36659d0_0;  alias, 1 drivers
v0000019bb365ce50_0 .net "ld_A", 0 0, v0000019bb35be3f0_0;  alias, 1 drivers
v0000019bb365c1d0_0 .net "ld_Q", 0 0, v0000019bb35bd590_0;  alias, 1 drivers
v0000019bb365d0d0_0 .net "ld_rem_quotient", 0 0, v0000019bb35be210_0;  alias, 1 drivers
v0000019bb365c450_0 .net "mux_out_1", 4 0, v0000019bb35b9a30_0;  1 drivers
v0000019bb365c310_0 .net "mux_out_2", 4 0, v0000019bb35ba070_0;  1 drivers
v0000019bb365c4f0_0 .net "mux_out_3", 3 0, v0000019bb365d170_0;  1 drivers
v0000019bb365cef0_0 .net "mux_out_4", 4 0, v0000019bb365d490_0;  1 drivers
v0000019bb36654d0_0 .net "negative_flag", 0 0, v0000019bb35bd950_0;  alias, 1 drivers
v0000019bb36656b0_0 .net "quotient", 3 0, v0000019bb365c810_0;  alias, 1 drivers
v0000019bb3664b70_0 .net "remainder", 4 0, v0000019bb365d2b0_0;  alias, 1 drivers
v0000019bb3664210_0 .net "rst", 0 0, v0000019bb3665d90_0;  alias, 1 drivers
v0000019bb3664850_0 .net "select_A", 0 0, v0000019bb35bde50_0;  alias, 1 drivers
v0000019bb3664fd0_0 .net "select_Q", 0 0, v0000019bb35bda90_0;  alias, 1 drivers
v0000019bb3664f30_0 .net "select_add", 0 0, v0000019bb35bead0_0;  alias, 1 drivers
v0000019bb3665750_0 .net "select_mux_2", 0 0, v0000019bb35be0d0_0;  alias, 1 drivers
v0000019bb3664d50_0 .net "shift_left_enable_a", 0 0, v0000019bb35be350_0;  alias, 1 drivers
v0000019bb3665b10_0 .net "shift_left_enable_q", 0 0, v0000019bb35bef30_0;  alias, 1 drivers
v0000019bb3664350_0 .net "shift_register_out_a", 4 0, v0000019bb365da30_0;  1 drivers
v0000019bb3665bb0_0 .net "shift_register_out_q", 3 0, v0000019bb365d530_0;  1 drivers
v0000019bb3664c10_0 .net "status", 0 0, v0000019bb35be850_0;  alias, 1 drivers
v0000019bb3664170_0 .net "subtractor_out", 4 0, v0000019bb365ca90_0;  1 drivers
L_0000019bb36648f0 .part v0000019bb35bdef0_0, 4, 1;
L_0000019bb3665f70 .concat [ 4 1 0 0], v0000019bb36659d0_0, L_0000019bb36661c8;
L_0000019bb3664490 .concat [ 4 1 0 0], v0000019bb36659d0_0, L_0000019bb3666210;
L_0000019bb36645d0 .part v0000019bb35ba070_0, 4, 1;
S_0000019bb355cec0 .scope module, "A_reg" "register_a" 5 66, 6 2 0, S_0000019bb3565af0;
 .timescale -9 -12;
    .port_info 0 /INPUT 1 "rst";
    .port_info 1 /INPUT 1 "clk";
    .port_info 2 /INPUT 1 "ld_register";
    .port_info 3 /INPUT 5 "input_data";
    .port_info 4 /OUTPUT 5 "output_data";
v0000019bb35bdc70_0 .net "clk", 0 0, v0000019bb3664df0_0;  alias, 1 drivers
v0000019bb35bd1d0_0 .net "input_data", 4 0, v0000019bb35b9a30_0;  alias, 1 drivers
v0000019bb35be030_0 .net "ld_register", 0 0, v0000019bb35be3f0_0;  alias, 1 drivers
v0000019bb35bdef0_0 .var "output_data", 4 0;
v0000019bb35bddb0_0 .net "rst", 0 0, v0000019bb3665d90_0;  alias, 1 drivers
S_0000019bb355d050 .scope module, "Q_reg" "register_q" 5 75, 7 2 0, S_0000019bb3565af0;
 .timescale -9 -12;
    .port_info 0 /INPUT 1 "rst";
    .port_info 1 /INPUT 1 "clk";
    .port_info 2 /INPUT 1 "ld_register";
    .port_info 3 /INPUT 4 "input_data";
    .port_info 4 /OUTPUT 4 "output_data";
v0000019bb35bee90_0 .net "clk", 0 0, v0000019bb3664df0_0;  alias, 1 drivers
v0000019bb35be490_0 .net "input_data", 3 0, v0000019bb365d170_0;  alias, 1 drivers
v0000019bb35befd0_0 .net "ld_register", 0 0, v0000019bb35bd590_0;  alias, 1 drivers
v0000019bb35bf070_0 .var "output_data", 3 0;
v0000019bb35bd6d0_0 .net "rst", 0 0, v0000019bb3665d90_0;  alias, 1 drivers
S_0000019bb359e2f0 .scope module, "adder1" "adder" 5 108, 8 2 0, S_0000019bb3565af0;
 .timescale -9 -12;
    .port_info 0 /INPUT 5 "A";
    .port_info 1 /INPUT 5 "B";
    .port_info 2 /OUTPUT 5 "sum";
v0000019bb35be530_0 .net "A", 4 0, v0000019bb365d490_0;  alias, 1 drivers
v0000019bb35bd270_0 .net "B", 4 0, L_0000019bb3665f70;  1 drivers
v0000019bb35be7b0_0 .var "sum", 4 0;
E_0000019bb35c66e0 .event anyedge, v0000019bb35bd270_0, v0000019bb35be530_0;
S_0000019bb359e480 .scope module, "cmp" "comparator" 5 156, 9 2 0, S_0000019bb3565af0;
 .timescale -9 -12;
    .port_info 0 /INPUT 2 "A";
    .port_info 1 /INPUT 2 "B";
    .port_info 2 /OUTPUT 1 "equal";
v0000019bb35bd310_0 .net "A", 1 0, v0000019bb35bd450_0;  alias, 1 drivers
L_0000019bb3666258 .functor BUFT 1, C4<11>, C4<0>, C4<0>, C4<0>;
v0000019bb35beb70_0 .net "B", 1 0, L_0000019bb3666258;  1 drivers
v0000019bb35be850_0 .var "equal", 0 0;
E_0000019bb35c7120 .event anyedge, v0000019bb35beb70_0, v0000019bb35bdd10_0;
S_0000019bb3571290 .scope module, "cmp1" "comparator_1bit" 5 93, 10 2 0, S_0000019bb3565af0;
 .timescale -9 -12;
    .port_info 0 /INPUT 1 "A";
    .port_info 1 /INPUT 1 "B";
    .port_info 2 /OUTPUT 1 "equal";
v0000019bb35bdb30_0 .net "A", 0 0, L_0000019bb36648f0;  1 drivers
L_0000019bb3666180 .functor BUFT 1, C4<1>, C4<0>, C4<0>, C4<0>;
v0000019bb35be8f0_0 .net "B", 0 0, L_0000019bb3666180;  1 drivers
v0000019bb35bd950_0 .var "equal", 0 0;
E_0000019bb35c6460 .event anyedge, v0000019bb35be8f0_0, v0000019bb35bdb30_0;
S_0000019bb3571420 .scope module, "incrementer" "counter" 5 148, 11 2 0, S_0000019bb3565af0;
 .timescale -9 -12;
    .port_info 0 /INPUT 1 "clk";
    .port_info 1 /INPUT 1 "rst";
    .port_info 2 /INPUT 1 "count_enable";
    .port_info 3 /OUTPUT 2 "count";
v0000019bb35bd3b0_0 .net "clk", 0 0, v0000019bb3664df0_0;  alias, 1 drivers
v0000019bb35bd450_0 .var "count", 1 0;
v0000019bb35bd4f0_0 .net "count_enable", 0 0, v0000019bb35bd8b0_0;  alias, 1 drivers
v0000019bb35be990_0 .net "rst", 0 0, v0000019bb3665d90_0;  alias, 1 drivers
E_0000019bb35c63e0 .event posedge, v0000019bb35bed50_0;
S_0000019bb3580380 .scope module, "mux1" "mux_2x1" 5 58, 12 2 0, S_0000019bb3565af0;
 .timescale -9 -12;
    .port_info 0 /INPUT 1 "select";
    .port_info 1 /INPUT 5 "A";
    .port_info 2 /INPUT 5 "B";
    .port_info 3 /OUTPUT 5 "out";
L_0000019bb3666138 .functor BUFT 1, C4<00000>, C4<0>, C4<0>, C4<0>;
v0000019bb35bd9f0_0 .net "A", 4 0, L_0000019bb3666138;  1 drivers
v0000019bb35bdbd0_0 .net "B", 4 0, v0000019bb35ba070_0;  alias, 1 drivers
v0000019bb35b9a30_0 .var "out", 4 0;
v0000019bb35b9e90_0 .net "select", 0 0, v0000019bb35bde50_0;  alias, 1 drivers
E_0000019bb35c6720 .event anyedge, v0000019bb35bdbd0_0, v0000019bb35bd9f0_0, v0000019bb35bde50_0;
S_0000019bb3580510 .scope module, "mux2" "mux_2x1" 5 122, 12 2 0, S_0000019bb3565af0;
 .timescale -9 -12;
    .port_info 0 /INPUT 1 "select";
    .port_info 1 /INPUT 5 "A";
    .port_info 2 /INPUT 5 "B";
    .port_info 3 /OUTPUT 5 "out";
v0000019bb35b9fd0_0 .net "A", 4 0, v0000019bb35be7b0_0;  alias, 1 drivers
v0000019bb35ba390_0 .net "B", 4 0, v0000019bb365ca90_0;  alias, 1 drivers
v0000019bb35ba070_0 .var "out", 4 0;
v0000019bb35ba2f0_0 .net "select", 0 0, v0000019bb35be0d0_0;  alias, 1 drivers
E_0000019bb35c69e0 .event anyedge, v0000019bb35ba390_0, v0000019bb35be7b0_0, v0000019bb35be0d0_0;
S_0000019bb3559990 .scope module, "mux3" "mux_2x1_16bit" 5 140, 13 2 0, S_0000019bb3565af0;
 .timescale -9 -12;
    .port_info 0 /INPUT 1 "select";
    .port_info 1 /INPUT 4 "A";
    .port_info 2 /INPUT 4 "B";
    .port_info 3 /OUTPUT 4 "out";
v0000019bb365c770_0 .net "A", 3 0, v0000019bb3665570_0;  alias, 1 drivers
v0000019bb365d670_0 .net "B", 3 0, v0000019bb365d530_0;  alias, 1 drivers
v0000019bb365d170_0 .var "out", 3 0;
v0000019bb365c130_0 .net "select", 0 0, v0000019bb35bda90_0;  alias, 1 drivers
E_0000019bb35c6f60 .event anyedge, v0000019bb365d670_0, v0000019bb365c770_0, v0000019bb35bda90_0;
S_0000019bb3559b20 .scope module, "mux4" "mux_2x1" 5 99, 12 2 0, S_0000019bb3565af0;
 .timescale -9 -12;
    .port_info 0 /INPUT 1 "select";
    .port_info 1 /INPUT 5 "A";
    .port_info 2 /INPUT 5 "B";
    .port_info 3 /OUTPUT 5 "out";
v0000019bb365cd10_0 .net "A", 4 0, v0000019bb35bdef0_0;  alias, 1 drivers
v0000019bb365cdb0_0 .net "B", 4 0, v0000019bb365da30_0;  alias, 1 drivers
v0000019bb365d490_0 .var "out", 4 0;
v0000019bb365cb30_0 .net "select", 0 0, v0000019bb35bead0_0;  alias, 1 drivers
E_0000019bb35c71e0 .event anyedge, v0000019bb365cdb0_0, v0000019bb35bdef0_0, v0000019bb35bead0_0;
S_0000019bb363e0a0 .scope module, "quotient_reg" "register_q" 5 172, 7 2 0, S_0000019bb3565af0;
 .timescale -9 -12;
    .port_info 0 /INPUT 1 "rst";
    .port_info 1 /INPUT 1 "clk";
    .port_info 2 /INPUT 1 "ld_register";
    .port_info 3 /INPUT 4 "input_data";
    .port_info 4 /OUTPUT 4 "output_data";
v0000019bb365c8b0_0 .net "clk", 0 0, v0000019bb3664df0_0;  alias, 1 drivers
v0000019bb365dc10_0 .net "input_data", 3 0, v0000019bb365d530_0;  alias, 1 drivers
v0000019bb365c590_0 .net "ld_register", 0 0, v0000019bb35be210_0;  alias, 1 drivers
v0000019bb365c810_0 .var "output_data", 3 0;
v0000019bb365d210_0 .net "rst", 0 0, v0000019bb3665d90_0;  alias, 1 drivers
S_0000019bb363e230 .scope module, "remainder_reg" "register_a" 5 163, 6 2 0, S_0000019bb3565af0;
 .timescale -9 -12;
    .port_info 0 /INPUT 1 "rst";
    .port_info 1 /INPUT 1 "clk";
    .port_info 2 /INPUT 1 "ld_register";
    .port_info 3 /INPUT 5 "input_data";
    .port_info 4 /OUTPUT 5 "output_data";
v0000019bb365cc70_0 .net "clk", 0 0, v0000019bb3664df0_0;  alias, 1 drivers
v0000019bb365d350_0 .net "input_data", 4 0, v0000019bb35bdef0_0;  alias, 1 drivers
v0000019bb365c630_0 .net "ld_register", 0 0, v0000019bb35be210_0;  alias, 1 drivers
v0000019bb365d2b0_0 .var "output_data", 4 0;
v0000019bb365d5d0_0 .net "rst", 0 0, v0000019bb3665d90_0;  alias, 1 drivers
S_0000019bb3556410 .scope module, "shift_A_left" "shift_register_a" 5 84, 14 2 0, S_0000019bb3565af0;
 .timescale -9 -12;
    .port_info 0 /INPUT 1 "rst";
    .port_info 1 /INPUT 1 "clk";
    .port_info 2 /INPUT 5 "A";
    .port_info 3 /INPUT 4 "Q";
    .port_info 4 /INPUT 1 "shift_left_enable_a";
    .port_info 5 /OUTPUT 5 "shift_out";
v0000019bb365c950_0 .net "A", 4 0, v0000019bb35bdef0_0;  alias, 1 drivers
v0000019bb365c3b0_0 .net "Q", 3 0, v0000019bb35bf070_0;  alias, 1 drivers
v0000019bb365c270_0 .net "clk", 0 0, v0000019bb3664df0_0;  alias, 1 drivers
v0000019bb365ddf0_0 .net "rst", 0 0, v0000019bb3665d90_0;  alias, 1 drivers
v0000019bb365db70_0 .net "shift_left_enable_a", 0 0, v0000019bb35be350_0;  alias, 1 drivers
v0000019bb365da30_0 .var "shift_out", 4 0;
S_0000019bb365fdd0 .scope module, "shift_Q_left" "shift_register_q" 5 130, 15 2 0, S_0000019bb3565af0;
 .timescale -9 -12;
    .port_info 0 /INPUT 1 "rst";
    .port_info 1 /INPUT 1 "clk";
    .port_info 2 /INPUT 1 "shift_left_enable_q";
    .port_info 3 /INPUT 4 "Q";
    .port_info 4 /INPUT 1 "A";
    .port_info 5 /OUTPUT 4 "shift_out";
v0000019bb365d7b0_0 .net "A", 0 0, L_0000019bb36645d0;  1 drivers
v0000019bb365d850_0 .net "Q", 3 0, v0000019bb35bf070_0;  alias, 1 drivers
v0000019bb365d8f0_0 .net "clk", 0 0, v0000019bb3664df0_0;  alias, 1 drivers
v0000019bb365cf90_0 .net "rst", 0 0, v0000019bb3665d90_0;  alias, 1 drivers
v0000019bb365d3f0_0 .net "shift_left_enable_q", 0 0, v0000019bb35bef30_0;  alias, 1 drivers
v0000019bb365d530_0 .var "shift_out", 3 0;
S_0000019bb365f920 .scope module, "subtractor1" "subtractor" 5 115, 16 2 0, S_0000019bb3565af0;
 .timescale -9 -12;
    .port_info 0 /INPUT 5 "A";
    .port_info 1 /INPUT 5 "B";
    .port_info 2 /OUTPUT 5 "difference";
v0000019bb365c9f0_0 .net "A", 4 0, v0000019bb365da30_0;  alias, 1 drivers
v0000019bb365df30_0 .net "B", 4 0, L_0000019bb3664490;  1 drivers
v0000019bb365ca90_0 .var "difference", 4 0;
E_0000019bb35c6aa0 .event anyedge, v0000019bb365df30_0, v0000019bb365cdb0_0;
    .scope S_0000019bb3580380;
T_0 ;
    %wait E_0000019bb35c6720;
    %load/vec4 v0000019bb35b9e90_0;
    %flag_set/vec4 8;
    %jmp/0xz  T_0.0, 8;
    %load/vec4 v0000019bb35bd9f0_0;
    %store/vec4 v0000019bb35b9a30_0, 0, 5;
    %jmp T_0.1;
T_0.0 ;
    %load/vec4 v0000019bb35bdbd0_0;
    %store/vec4 v0000019bb35b9a30_0, 0, 5;
T_0.1 ;
    %jmp T_0;
    .thread T_0, $push;
    .scope S_0000019bb355cec0;
T_1 ;
    %wait E_0000019bb35c6a60;
    %load/vec4 v0000019bb35bddb0_0;
    %flag_set/vec4 8;
    %jmp/0xz  T_1.0, 8;
    %pushi/vec4 0, 0, 5;
    %assign/vec4 v0000019bb35bdef0_0, 0;
    %jmp T_1.1;
T_1.0 ;
    %load/vec4 v0000019bb35be030_0;
    %flag_set/vec4 8;
    %jmp/0xz  T_1.2, 8;
    %load/vec4 v0000019bb35bd1d0_0;
    %assign/vec4 v0000019bb35bdef0_0, 0;
T_1.2 ;
T_1.1 ;
    %jmp T_1;
    .thread T_1;
    .scope S_0000019bb355d050;
T_2 ;
    %wait E_0000019bb35c6a60;
    %load/vec4 v0000019bb35bd6d0_0;
    %flag_set/vec4 8;
    %jmp/0xz  T_2.0, 8;
    %pushi/vec4 0, 0, 4;
    %assign/vec4 v0000019bb35bf070_0, 0;
    %jmp T_2.1;
T_2.0 ;
    %load/vec4 v0000019bb35befd0_0;
    %flag_set/vec4 8;
    %jmp/0xz  T_2.2, 8;
    %load/vec4 v0000019bb35be490_0;
    %assign/vec4 v0000019bb35bf070_0, 0;
T_2.2 ;
T_2.1 ;
    %jmp T_2;
    .thread T_2;
    .scope S_0000019bb3556410;
T_3 ;
    %wait E_0000019bb35c6a60;
    %load/vec4 v0000019bb365ddf0_0;
    %flag_set/vec4 8;
    %jmp/0xz  T_3.0, 8;
    %pushi/vec4 0, 0, 5;
    %assign/vec4 v0000019bb365da30_0, 0;
    %jmp T_3.1;
T_3.0 ;
    %load/vec4 v0000019bb365db70_0;
    %cmpi/e 1, 0, 1;
    %jmp/0xz  T_3.2, 4;
    %load/vec4 v0000019bb365c950_0;
    %parti/s 4, 0, 2;
    %load/vec4 v0000019bb365c3b0_0;
    %parti/s 1, 3, 3;
    %concat/vec4; draw_concat_vec4
    %assign/vec4 v0000019bb365da30_0, 0;
T_3.2 ;
T_3.1 ;
    %jmp T_3;
    .thread T_3;
    .scope S_0000019bb3571290;
T_4 ;
    %wait E_0000019bb35c6460;
    %load/vec4 v0000019bb35bdb30_0;
    %load/vec4 v0000019bb35be8f0_0;
    %cmp/e;
    %jmp/0xz  T_4.0, 4;
    %pushi/vec4 1, 0, 1;
    %store/vec4 v0000019bb35bd950_0, 0, 1;
    %jmp T_4.1;
T_4.0 ;
    %pushi/vec4 0, 0, 1;
    %store/vec4 v0000019bb35bd950_0, 0, 1;
T_4.1 ;
    %jmp T_4;
    .thread T_4, $push;
    .scope S_0000019bb3559b20;
T_5 ;
    %wait E_0000019bb35c71e0;
    %load/vec4 v0000019bb365cb30_0;
    %flag_set/vec4 8;
    %jmp/0xz  T_5.0, 8;
    %load/vec4 v0000019bb365cd10_0;
    %store/vec4 v0000019bb365d490_0, 0, 5;
    %jmp T_5.1;
T_5.0 ;
    %load/vec4 v0000019bb365cdb0_0;
    %store/vec4 v0000019bb365d490_0, 0, 5;
T_5.1 ;
    %jmp T_5;
    .thread T_5, $push;
    .scope S_0000019bb359e2f0;
T_6 ;
    %wait E_0000019bb35c66e0;
    %load/vec4 v0000019bb35be530_0;
    %load/vec4 v0000019bb35bd270_0;
    %add;
    %store/vec4 v0000019bb35be7b0_0, 0, 5;
    %jmp T_6;
    .thread T_6, $push;
    .scope S_0000019bb365f920;
T_7 ;
    %wait E_0000019bb35c6aa0;
    %load/vec4 v0000019bb365c9f0_0;
    %load/vec4 v0000019bb365df30_0;
    %sub;
    %store/vec4 v0000019bb365ca90_0, 0, 5;
    %jmp T_7;
    .thread T_7, $push;
    .scope S_0000019bb3580510;
T_8 ;
    %wait E_0000019bb35c69e0;
    %load/vec4 v0000019bb35ba2f0_0;
    %flag_set/vec4 8;
    %jmp/0xz  T_8.0, 8;
    %load/vec4 v0000019bb35b9fd0_0;
    %store/vec4 v0000019bb35ba070_0, 0, 5;
    %jmp T_8.1;
T_8.0 ;
    %load/vec4 v0000019bb35ba390_0;
    %store/vec4 v0000019bb35ba070_0, 0, 5;
T_8.1 ;
    %jmp T_8;
    .thread T_8, $push;
    .scope S_0000019bb365fdd0;
T_9 ;
    %wait E_0000019bb35c6a60;
    %load/vec4 v0000019bb365cf90_0;
    %flag_set/vec4 8;
    %jmp/0xz  T_9.0, 8;
    %pushi/vec4 0, 0, 4;
    %assign/vec4 v0000019bb365d530_0, 0;
    %jmp T_9.1;
T_9.0 ;
    %load/vec4 v0000019bb365d3f0_0;
    %cmpi/e 1, 0, 1;
    %jmp/0xz  T_9.2, 4;
    %load/vec4 v0000019bb365d850_0;
    %parti/s 3, 0, 2;
    %load/vec4 v0000019bb365d7b0_0;
    %inv;
    %concat/vec4; draw_concat_vec4
    %assign/vec4 v0000019bb365d530_0, 0;
T_9.2 ;
T_9.1 ;
    %jmp T_9;
    .thread T_9;
    .scope S_0000019bb3559990;
T_10 ;
    %wait E_0000019bb35c6f60;
    %load/vec4 v0000019bb365c130_0;
    %flag_set/vec4 8;
    %jmp/0xz  T_10.0, 8;
    %load/vec4 v0000019bb365c770_0;
    %store/vec4 v0000019bb365d170_0, 0, 4;
    %jmp T_10.1;
T_10.0 ;
    %load/vec4 v0000019bb365d670_0;
    %store/vec4 v0000019bb365d170_0, 0, 4;
T_10.1 ;
    %jmp T_10;
    .thread T_10, $push;
    .scope S_0000019bb3571420;
T_11 ;
    %wait E_0000019bb35c63e0;
    %load/vec4 v0000019bb35be990_0;
    %flag_set/vec4 8;
    %jmp/0xz  T_11.0, 8;
    %pushi/vec4 0, 0, 2;
    %assign/vec4 v0000019bb35bd450_0, 0;
    %jmp T_11.1;
T_11.0 ;
    %load/vec4 v0000019bb35bd4f0_0;
    %cmpi/e 1, 0, 1;
    %jmp/0xz  T_11.2, 4;
    %load/vec4 v0000019bb35bd450_0;
    %addi 1, 0, 2;
    %assign/vec4 v0000019bb35bd450_0, 0;
T_11.2 ;
T_11.1 ;
    %jmp T_11;
    .thread T_11;
    .scope S_0000019bb359e480;
T_12 ;
    %wait E_0000019bb35c7120;
    %load/vec4 v0000019bb35bd310_0;
    %load/vec4 v0000019bb35beb70_0;
    %cmp/e;
    %jmp/0xz  T_12.0, 4;
    %pushi/vec4 1, 0, 1;
    %store/vec4 v0000019bb35be850_0, 0, 1;
    %jmp T_12.1;
T_12.0 ;
    %pushi/vec4 0, 0, 1;
    %store/vec4 v0000019bb35be850_0, 0, 1;
T_12.1 ;
    %jmp T_12;
    .thread T_12, $push;
    .scope S_0000019bb363e230;
T_13 ;
    %wait E_0000019bb35c6a60;
    %load/vec4 v0000019bb365d5d0_0;
    %flag_set/vec4 8;
    %jmp/0xz  T_13.0, 8;
    %pushi/vec4 0, 0, 5;
    %assign/vec4 v0000019bb365d2b0_0, 0;
    %jmp T_13.1;
T_13.0 ;
    %load/vec4 v0000019bb365c630_0;
    %flag_set/vec4 8;
    %jmp/0xz  T_13.2, 8;
    %load/vec4 v0000019bb365d350_0;
    %assign/vec4 v0000019bb365d2b0_0, 0;
T_13.2 ;
T_13.1 ;
    %jmp T_13;
    .thread T_13;
    .scope S_0000019bb363e0a0;
T_14 ;
    %wait E_0000019bb35c6a60;
    %load/vec4 v0000019bb365d210_0;
    %flag_set/vec4 8;
    %jmp/0xz  T_14.0, 8;
    %pushi/vec4 0, 0, 4;
    %assign/vec4 v0000019bb365c810_0, 0;
    %jmp T_14.1;
T_14.0 ;
    %load/vec4 v0000019bb365c590_0;
    %flag_set/vec4 8;
    %jmp/0xz  T_14.2, 8;
    %load/vec4 v0000019bb365dc10_0;
    %assign/vec4 v0000019bb365c810_0, 0;
T_14.2 ;
T_14.1 ;
    %jmp T_14;
    .thread T_14;
    .scope S_0000019bb35b82a0;
T_15 ;
    %wait E_0000019bb35c6a60;
    %load/vec4 v0000019bb35bedf0_0;
    %flag_set/vec4 8;
    %jmp/0xz  T_15.0, 8;
    %pushi/vec4 0, 0, 4;
    %assign/vec4 v0000019bb35bd810_0, 0;
    %jmp T_15.1;
T_15.0 ;
    %load/vec4 v0000019bb35be2b0_0;
    %assign/vec4 v0000019bb35bd810_0, 0;
T_15.1 ;
    %jmp T_15;
    .thread T_15;
    .scope S_0000019bb35b82a0;
T_16 ;
    %wait E_0000019bb35c6da0;
    %load/vec4 v0000019bb35bd810_0;
    %dup/vec4;
    %pushi/vec4 0, 0, 4;
    %cmp/u;
    %jmp/1 T_16.0, 6;
    %dup/vec4;
    %pushi/vec4 1, 0, 4;
    %cmp/u;
    %jmp/1 T_16.1, 6;
    %dup/vec4;
    %pushi/vec4 2, 0, 4;
    %cmp/u;
    %jmp/1 T_16.2, 6;
    %dup/vec4;
    %pushi/vec4 3, 0, 4;
    %cmp/u;
    %jmp/1 T_16.3, 6;
    %dup/vec4;
    %pushi/vec4 4, 0, 4;
    %cmp/u;
    %jmp/1 T_16.4, 6;
    %dup/vec4;
    %pushi/vec4 5, 0, 4;
    %cmp/u;
    %jmp/1 T_16.5, 6;
    %dup/vec4;
    %pushi/vec4 6, 0, 4;
    %cmp/u;
    %jmp/1 T_16.6, 6;
    %dup/vec4;
    %pushi/vec4 7, 0, 4;
    %cmp/u;
    %jmp/1 T_16.7, 6;
    %dup/vec4;
    %pushi/vec4 8, 0, 4;
    %cmp/u;
    %jmp/1 T_16.8, 6;
    %dup/vec4;
    %pushi/vec4 9, 0, 4;
    %cmp/u;
    %jmp/1 T_16.9, 6;
    %dup/vec4;
    %pushi/vec4 10, 0, 4;
    %cmp/u;
    %jmp/1 T_16.10, 6;
    %dup/vec4;
    %pushi/vec4 11, 0, 4;
    %cmp/u;
    %jmp/1 T_16.11, 6;
    %dup/vec4;
    %pushi/vec4 12, 0, 4;
    %cmp/u;
    %jmp/1 T_16.12, 6;
    %pushi/vec4 0, 0, 4;
    %store/vec4 v0000019bb35be2b0_0, 0, 4;
    %jmp T_16.14;
T_16.0 ;
    %load/vec4 v0000019bb35bdf90_0;
    %cmpi/e 1, 0, 1;
    %flag_mov 8, 4;
    %jmp/0 T_16.15, 8;
    %pushi/vec4 1, 0, 4;
    %jmp/1 T_16.16, 8;
T_16.15 ; End of true expr.
    %pushi/vec4 0, 0, 4;
    %jmp/0 T_16.16, 8;
 ; End of false expr.
    %blend;
T_16.16;
    %store/vec4 v0000019bb35be2b0_0, 0, 4;
    %jmp T_16.14;
T_16.1 ;
    %pushi/vec4 2, 0, 4;
    %store/vec4 v0000019bb35be2b0_0, 0, 4;
    %jmp T_16.14;
T_16.2 ;
    %pushi/vec4 3, 0, 4;
    %store/vec4 v0000019bb35be2b0_0, 0, 4;
    %jmp T_16.14;
T_16.3 ;
    %pushi/vec4 4, 0, 4;
    %store/vec4 v0000019bb35be2b0_0, 0, 4;
    %jmp T_16.14;
T_16.4 ;
    %pushi/vec4 5, 0, 4;
    %store/vec4 v0000019bb35be2b0_0, 0, 4;
    %jmp T_16.14;
T_16.5 ;
    %pushi/vec4 6, 0, 4;
    %store/vec4 v0000019bb35be2b0_0, 0, 4;
    %jmp T_16.14;
T_16.6 ;
    %pushi/vec4 7, 0, 4;
    %store/vec4 v0000019bb35be2b0_0, 0, 4;
    %jmp T_16.14;
T_16.7 ;
    %pushi/vec4 8, 0, 4;
    %store/vec4 v0000019bb35be2b0_0, 0, 4;
    %jmp T_16.14;
T_16.8 ;
    %load/vec4 v0000019bb35be710_0;
    %cmpi/e 1, 0, 1;
    %flag_mov 8, 4;
    %jmp/0 T_16.17, 8;
    %pushi/vec4 9, 0, 4;
    %jmp/1 T_16.18, 8;
T_16.17 ; End of true expr.
    %pushi/vec4 10, 0, 4;
    %jmp/0 T_16.18, 8;
 ; End of false expr.
    %blend;
T_16.18;
    %store/vec4 v0000019bb35be2b0_0, 0, 4;
    %jmp T_16.14;
T_16.9 ;
    %pushi/vec4 10, 0, 4;
    %store/vec4 v0000019bb35be2b0_0, 0, 4;
    %jmp T_16.14;
T_16.10 ;
    %load/vec4 v0000019bb35be5d0_0;
    %cmpi/e 1, 0, 1;
    %flag_mov 8, 4;
    %jmp/0 T_16.19, 8;
    %pushi/vec4 12, 0, 4;
    %jmp/1 T_16.20, 8;
T_16.19 ; End of true expr.
    %pushi/vec4 11, 0, 4;
    %jmp/0 T_16.20, 8;
 ; End of false expr.
    %blend;
T_16.20;
    %store/vec4 v0000019bb35be2b0_0, 0, 4;
    %jmp T_16.14;
T_16.11 ;
    %pushi/vec4 2, 0, 4;
    %store/vec4 v0000019bb35be2b0_0, 0, 4;
    %jmp T_16.14;
T_16.12 ;
    %pushi/vec4 0, 0, 4;
    %store/vec4 v0000019bb35be2b0_0, 0, 4;
    %jmp T_16.14;
T_16.14 ;
    %pop/vec4 1;
    %jmp T_16;
    .thread T_16, $push;
    .scope S_0000019bb35b82a0;
T_17 ;
    %wait E_0000019bb35c5820;
    %load/vec4 v0000019bb35bd810_0;
    %dup/vec4;
    %pushi/vec4 0, 0, 4;
    %cmp/u;
    %jmp/1 T_17.0, 6;
    %dup/vec4;
    %pushi/vec4 1, 0, 4;
    %cmp/u;
    %jmp/1 T_17.1, 6;
    %dup/vec4;
    %pushi/vec4 2, 0, 4;
    %cmp/u;
    %jmp/1 T_17.2, 6;
    %dup/vec4;
    %pushi/vec4 3, 0, 4;
    %cmp/u;
    %jmp/1 T_17.3, 6;
    %dup/vec4;
    %pushi/vec4 4, 0, 4;
    %cmp/u;
    %jmp/1 T_17.4, 6;
    %dup/vec4;
    %pushi/vec4 5, 0, 4;
    %cmp/u;
    %jmp/1 T_17.5, 6;
    %dup/vec4;
    %pushi/vec4 6, 0, 4;
    %cmp/u;
    %jmp/1 T_17.6, 6;
    %dup/vec4;
    %pushi/vec4 7, 0, 4;
    %cmp/u;
    %jmp/1 T_17.7, 6;
    %dup/vec4;
    %pushi/vec4 8, 0, 4;
    %cmp/u;
    %jmp/1 T_17.8, 6;
    %dup/vec4;
    %pushi/vec4 9, 0, 4;
    %cmp/u;
    %jmp/1 T_17.9, 6;
    %dup/vec4;
    %pushi/vec4 10, 0, 4;
    %cmp/u;
    %jmp/1 T_17.10, 6;
    %dup/vec4;
    %pushi/vec4 12, 0, 4;
    %cmp/u;
    %jmp/1 T_17.11, 6;
    %pushi/vec4 0, 0, 1;
    %store/vec4 v0000019bb35bde50_0, 0, 1;
    %pushi/vec4 0, 0, 1;
    %store/vec4 v0000019bb35bda90_0, 0, 1;
    %pushi/vec4 0, 0, 1;
    %store/vec4 v0000019bb35be3f0_0, 0, 1;
    %pushi/vec4 0, 0, 1;
    %store/vec4 v0000019bb35bd590_0, 0, 1;
    %pushi/vec4 0, 0, 1;
    %store/vec4 v0000019bb35be350_0, 0, 1;
    %pushi/vec4 0, 0, 1;
    %store/vec4 v0000019bb35bead0_0, 0, 1;
    %pushi/vec4 0, 0, 1;
    %store/vec4 v0000019bb35be0d0_0, 0, 1;
    %pushi/vec4 0, 0, 1;
    %store/vec4 v0000019bb35bef30_0, 0, 1;
    %pushi/vec4 0, 0, 1;
    %store/vec4 v0000019bb35bd8b0_0, 0, 1;
    %pushi/vec4 0, 0, 1;
    %store/vec4 v0000019bb35be210_0, 0, 1;
    %pushi/vec4 0, 0, 1;
    %store/vec4 v0000019bb35bec10_0, 0, 1;
    %jmp T_17.13;
T_17.0 ;
    %pushi/vec4 0, 0, 1;
    %store/vec4 v0000019bb35bde50_0, 0, 1;
    %pushi/vec4 0, 0, 1;
    %store/vec4 v0000019bb35bda90_0, 0, 1;
    %pushi/vec4 0, 0, 1;
    %store/vec4 v0000019bb35be3f0_0, 0, 1;
    %pushi/vec4 0, 0, 1;
    %store/vec4 v0000019bb35bd590_0, 0, 1;
    %pushi/vec4 0, 0, 1;
    %store/vec4 v0000019bb35be350_0, 0, 1;
    %pushi/vec4 0, 0, 1;
    %store/vec4 v0000019bb35bead0_0, 0, 1;
    %pushi/vec4 0, 0, 1;
    %store/vec4 v0000019bb35be0d0_0, 0, 1;
    %pushi/vec4 0, 0, 1;
    %store/vec4 v0000019bb35bef30_0, 0, 1;
    %pushi/vec4 0, 0, 1;
    %store/vec4 v0000019bb35bd8b0_0, 0, 1;
    %pushi/vec4 0, 0, 1;
    %store/vec4 v0000019bb35be210_0, 0, 1;
    %pushi/vec4 0, 0, 1;
    %store/vec4 v0000019bb35bec10_0, 0, 1;
    %jmp T_17.13;
T_17.1 ;
    %pushi/vec4 1, 0, 1;
    %store/vec4 v0000019bb35bde50_0, 0, 1;
    %pushi/vec4 1, 0, 1;
    %store/vec4 v0000019bb35bda90_0, 0, 1;
    %pushi/vec4 1, 0, 1;
    %store/vec4 v0000019bb35be3f0_0, 0, 1;
    %pushi/vec4 1, 0, 1;
    %store/vec4 v0000019bb35bd590_0, 0, 1;
    %pushi/vec4 0, 0, 1;
    %store/vec4 v0000019bb35be350_0, 0, 1;
    %pushi/vec4 0, 0, 1;
    %store/vec4 v0000019bb35bead0_0, 0, 1;
    %pushi/vec4 0, 0, 1;
    %store/vec4 v0000019bb35be0d0_0, 0, 1;
    %pushi/vec4 0, 0, 1;
    %store/vec4 v0000019bb35bef30_0, 0, 1;
    %pushi/vec4 0, 0, 1;
    %store/vec4 v0000019bb35bd8b0_0, 0, 1;
    %pushi/vec4 0, 0, 1;
    %store/vec4 v0000019bb35be210_0, 0, 1;
    %pushi/vec4 0, 0, 1;
    %store/vec4 v0000019bb35bec10_0, 0, 1;
    %jmp T_17.13;
T_17.2 ;
    %pushi/vec4 0, 0, 1;
    %store/vec4 v0000019bb35bde50_0, 0, 1;
    %pushi/vec4 0, 0, 1;
    %store/vec4 v0000019bb35bda90_0, 0, 1;
    %pushi/vec4 0, 0, 1;
    %store/vec4 v0000019bb35be3f0_0, 0, 1;
    %pushi/vec4 0, 0, 1;
    %store/vec4 v0000019bb35bd590_0, 0, 1;
    %pushi/vec4 1, 0, 1;
    %store/vec4 v0000019bb35be350_0, 0, 1;
    %pushi/vec4 0, 0, 1;
    %store/vec4 v0000019bb35bead0_0, 0, 1;
    %pushi/vec4 0, 0, 1;
    %store/vec4 v0000019bb35be0d0_0, 0, 1;
    %pushi/vec4 0, 0, 1;
    %store/vec4 v0000019bb35bef30_0, 0, 1;
    %pushi/vec4 0, 0, 1;
    %store/vec4 v0000019bb35bd8b0_0, 0, 1;
    %pushi/vec4 0, 0, 1;
    %store/vec4 v0000019bb35be210_0, 0, 1;
    %pushi/vec4 0, 0, 1;
    %store/vec4 v0000019bb35bec10_0, 0, 1;
    %jmp T_17.13;
T_17.3 ;
    %pushi/vec4 0, 0, 1;
    %store/vec4 v0000019bb35bde50_0, 0, 1;
    %pushi/vec4 0, 0, 1;
    %store/vec4 v0000019bb35bda90_0, 0, 1;
    %pushi/vec4 0, 0, 1;
    %store/vec4 v0000019bb35be3f0_0, 0, 1;
    %pushi/vec4 0, 0, 1;
    %store/vec4 v0000019bb35bd590_0, 0, 1;
    %pushi/vec4 0, 0, 1;
    %store/vec4 v0000019bb35be350_0, 0, 1;
    %pushi/vec4 0, 0, 1;
    %store/vec4 v0000019bb35bead0_0, 0, 1;
    %pushi/vec4 0, 0, 1;
    %store/vec4 v0000019bb35be0d0_0, 0, 1;
    %pushi/vec4 0, 0, 1;
    %store/vec4 v0000019bb35bef30_0, 0, 1;
    %pushi/vec4 0, 0, 1;
    %store/vec4 v0000019bb35bd8b0_0, 0, 1;
    %pushi/vec4 0, 0, 1;
    %store/vec4 v0000019bb35be210_0, 0, 1;
    %pushi/vec4 0, 0, 1;
    %store/vec4 v0000019bb35bec10_0, 0, 1;
    %jmp T_17.13;
T_17.4 ;
    %pushi/vec4 0, 0, 1;
    %store/vec4 v0000019bb35bde50_0, 0, 1;
    %pushi/vec4 0, 0, 1;
    %store/vec4 v0000019bb35bda90_0, 0, 1;
    %pushi/vec4 0, 0, 1;
    %store/vec4 v0000019bb35be3f0_0, 0, 1;
    %pushi/vec4 0, 0, 1;
    %store/vec4 v0000019bb35bd590_0, 0, 1;
    %pushi/vec4 0, 0, 1;
    %store/vec4 v0000019bb35be350_0, 0, 1;
    %pushi/vec4 0, 0, 1;
    %store/vec4 v0000019bb35bead0_0, 0, 1;
    %pushi/vec4 0, 0, 1;
    %store/vec4 v0000019bb35be0d0_0, 0, 1;
    %pushi/vec4 0, 0, 1;
    %store/vec4 v0000019bb35bef30_0, 0, 1;
    %pushi/vec4 0, 0, 1;
    %store/vec4 v0000019bb35bd8b0_0, 0, 1;
    %pushi/vec4 0, 0, 1;
    %store/vec4 v0000019bb35be210_0, 0, 1;
    %pushi/vec4 0, 0, 1;
    %store/vec4 v0000019bb35bec10_0, 0, 1;
    %jmp T_17.13;
T_17.5 ;
    %pushi/vec4 0, 0, 1;
    %store/vec4 v0000019bb35bde50_0, 0, 1;
    %pushi/vec4 0, 0, 1;
    %store/vec4 v0000019bb35bda90_0, 0, 1;
    %pushi/vec4 0, 0, 1;
    %store/vec4 v0000019bb35be3f0_0, 0, 1;
    %pushi/vec4 0, 0, 1;
    %store/vec4 v0000019bb35bd590_0, 0, 1;
    %pushi/vec4 0, 0, 1;
    %store/vec4 v0000019bb35be350_0, 0, 1;
    %pushi/vec4 0, 0, 1;
    %store/vec4 v0000019bb35bead0_0, 0, 1;
    %pushi/vec4 0, 0, 1;
    %store/vec4 v0000019bb35be0d0_0, 0, 1;
    %pushi/vec4 1, 0, 1;
    %store/vec4 v0000019bb35bef30_0, 0, 1;
    %pushi/vec4 0, 0, 1;
    %store/vec4 v0000019bb35bd8b0_0, 0, 1;
    %pushi/vec4 0, 0, 1;
    %store/vec4 v0000019bb35be210_0, 0, 1;
    %pushi/vec4 0, 0, 1;
    %store/vec4 v0000019bb35bec10_0, 0, 1;
    %jmp T_17.13;
T_17.6 ;
    %pushi/vec4 0, 0, 1;
    %store/vec4 v0000019bb35bde50_0, 0, 1;
    %pushi/vec4 0, 0, 1;
    %store/vec4 v0000019bb35bda90_0, 0, 1;
    %pushi/vec4 1, 0, 1;
    %store/vec4 v0000019bb35be3f0_0, 0, 1;
    %pushi/vec4 1, 0, 1;
    %store/vec4 v0000019bb35bd590_0, 0, 1;
    %pushi/vec4 0, 0, 1;
    %store/vec4 v0000019bb35be350_0, 0, 1;
    %pushi/vec4 0, 0, 1;
    %store/vec4 v0000019bb35bead0_0, 0, 1;
    %pushi/vec4 0, 0, 1;
    %store/vec4 v0000019bb35be0d0_0, 0, 1;
    %pushi/vec4 0, 0, 1;
    %store/vec4 v0000019bb35bef30_0, 0, 1;
    %pushi/vec4 0, 0, 1;
    %store/vec4 v0000019bb35bd8b0_0, 0, 1;
    %pushi/vec4 0, 0, 1;
    %store/vec4 v0000019bb35be210_0, 0, 1;
    %pushi/vec4 0, 0, 1;
    %store/vec4 v0000019bb35bec10_0, 0, 1;
    %jmp T_17.13;
T_17.7 ;
    %pushi/vec4 0, 0, 1;
    %store/vec4 v0000019bb35bde50_0, 0, 1;
    %pushi/vec4 0, 0, 1;
    %store/vec4 v0000019bb35bda90_0, 0, 1;
    %pushi/vec4 0, 0, 1;
    %store/vec4 v0000019bb35be3f0_0, 0, 1;
    %pushi/vec4 0, 0, 1;
    %store/vec4 v0000019bb35bd590_0, 0, 1;
    %pushi/vec4 0, 0, 1;
    %store/vec4 v0000019bb35be350_0, 0, 1;
    %pushi/vec4 0, 0, 1;
    %store/vec4 v0000019bb35bead0_0, 0, 1;
    %pushi/vec4 0, 0, 1;
    %store/vec4 v0000019bb35be0d0_0, 0, 1;
    %pushi/vec4 0, 0, 1;
    %store/vec4 v0000019bb35bef30_0, 0, 1;
    %pushi/vec4 0, 0, 1;
    %store/vec4 v0000019bb35bd8b0_0, 0, 1;
    %pushi/vec4 0, 0, 1;
    %store/vec4 v0000019bb35be210_0, 0, 1;
    %pushi/vec4 0, 0, 1;
    %store/vec4 v0000019bb35bec10_0, 0, 1;
    %jmp T_17.13;
T_17.8 ;
    %pushi/vec4 0, 0, 1;
    %store/vec4 v0000019bb35bde50_0, 0, 1;
    %pushi/vec4 0, 0, 1;
    %store/vec4 v0000019bb35bda90_0, 0, 1;
    %pushi/vec4 0, 0, 1;
    %store/vec4 v0000019bb35be3f0_0, 0, 1;
    %pushi/vec4 0, 0, 1;
    %store/vec4 v0000019bb35bd590_0, 0, 1;
    %pushi/vec4 0, 0, 1;
    %store/vec4 v0000019bb35be350_0, 0, 1;
    %pushi/vec4 0, 0, 1;
    %store/vec4 v0000019bb35bead0_0, 0, 1;
    %pushi/vec4 0, 0, 1;
    %store/vec4 v0000019bb35be0d0_0, 0, 1;
    %pushi/vec4 0, 0, 1;
    %store/vec4 v0000019bb35bef30_0, 0, 1;
    %pushi/vec4 0, 0, 1;
    %store/vec4 v0000019bb35bd8b0_0, 0, 1;
    %pushi/vec4 0, 0, 1;
    %store/vec4 v0000019bb35be210_0, 0, 1;
    %pushi/vec4 0, 0, 1;
    %store/vec4 v0000019bb35bec10_0, 0, 1;
    %jmp T_17.13;
T_17.9 ;
    %pushi/vec4 0, 0, 1;
    %store/vec4 v0000019bb35bde50_0, 0, 1;
    %pushi/vec4 0, 0, 1;
    %store/vec4 v0000019bb35bda90_0, 0, 1;
    %pushi/vec4 0, 0, 1;
    %store/vec4 v0000019bb35be3f0_0, 0, 1;
    %pushi/vec4 0, 0, 1;
    %store/vec4 v0000019bb35bd590_0, 0, 1;
    %pushi/vec4 0, 0, 1;
    %store/vec4 v0000019bb35be350_0, 0, 1;
    %pushi/vec4 1, 0, 1;
    %store/vec4 v0000019bb35bead0_0, 0, 1;
    %pushi/vec4 1, 0, 1;
    %store/vec4 v0000019bb35be0d0_0, 0, 1;
    %pushi/vec4 0, 0, 1;
    %store/vec4 v0000019bb35bef30_0, 0, 1;
    %pushi/vec4 0, 0, 1;
    %store/vec4 v0000019bb35bd8b0_0, 0, 1;
    %pushi/vec4 0, 0, 1;
    %store/vec4 v0000019bb35be210_0, 0, 1;
    %pushi/vec4 0, 0, 1;
    %store/vec4 v0000019bb35bec10_0, 0, 1;
    %jmp T_17.13;
T_17.10 ;
    %pushi/vec4 0, 0, 1;
    %store/vec4 v0000019bb35bde50_0, 0, 1;
    %pushi/vec4 0, 0, 1;
    %store/vec4 v0000019bb35bda90_0, 0, 1;
    %pushi/vec4 1, 0, 1;
    %store/vec4 v0000019bb35be3f0_0, 0, 1;
    %pushi/vec4 1, 0, 1;
    %store/vec4 v0000019bb35bd590_0, 0, 1;
    %pushi/vec4 0, 0, 1;
    %store/vec4 v0000019bb35be350_0, 0, 1;
    %pushi/vec4 0, 0, 1;
    %store/vec4 v0000019bb35bef30_0, 0, 1;
    %pushi/vec4 1, 0, 1;
    %store/vec4 v0000019bb35bd8b0_0, 0, 1;
    %pushi/vec4 0, 0, 1;
    %store/vec4 v0000019bb35be210_0, 0, 1;
    %pushi/vec4 0, 0, 1;
    %store/vec4 v0000019bb35bec10_0, 0, 1;
    %jmp T_17.13;
T_17.11 ;
    %pushi/vec4 0, 0, 1;
    %store/vec4 v0000019bb35bde50_0, 0, 1;
    %pushi/vec4 0, 0, 1;
    %store/vec4 v0000019bb35bda90_0, 0, 1;
    %pushi/vec4 0, 0, 1;
    %store/vec4 v0000019bb35be3f0_0, 0, 1;
    %pushi/vec4 0, 0, 1;
    %store/vec4 v0000019bb35bd590_0, 0, 1;
    %pushi/vec4 0, 0, 1;
    %store/vec4 v0000019bb35be350_0, 0, 1;
    %pushi/vec4 0, 0, 1;
    %store/vec4 v0000019bb35bef30_0, 0, 1;
    %pushi/vec4 0, 0, 1;
    %store/vec4 v0000019bb35bd8b0_0, 0, 1;
    %pushi/vec4 1, 0, 1;
    %store/vec4 v0000019bb35be210_0, 0, 1;
    %pushi/vec4 1, 0, 1;
    %store/vec4 v0000019bb35bec10_0, 0, 1;
    %jmp T_17.13;
T_17.13 ;
    %pop/vec4 1;
    %jmp T_17;
    .thread T_17, $push;
    .scope S_0000019bb35d0f30;
T_18 ;
    %delay 5000, 0;
    %load/vec4 v0000019bb3664df0_0;
    %inv;
    %store/vec4 v0000019bb3664df0_0, 0, 1;
    %jmp T_18;
    .thread T_18;
    .scope S_0000019bb35d0f30;
T_19 ;
    %vpi_call 2 37 "$dumpfile", "division_4bit_tb.vcd" {0 0 0};
    %vpi_call 2 38 "$dumpvars" {0 0 0};
    %pushi/vec4 0, 0, 1;
    %store/vec4 v0000019bb3664df0_0, 0, 1;
    %pushi/vec4 1, 0, 1;
    %store/vec4 v0000019bb3665d90_0, 0, 1;
    %pushi/vec4 0, 0, 1;
    %store/vec4 v0000019bb3665e30_0, 0, 1;
    %pushi/vec4 0, 0, 4;
    %store/vec4 v0000019bb3665570_0, 0, 4;
    %pushi/vec4 0, 0, 4;
    %store/vec4 v0000019bb36659d0_0, 0, 4;
    %delay 10000, 0;
    %pushi/vec4 0, 0, 1;
    %store/vec4 v0000019bb3665d90_0, 0, 1;
    %delay 10000, 0;
    %pushi/vec4 1, 0, 1;
    %store/vec4 v0000019bb3665d90_0, 0, 1;
    %delay 10000, 0;
    %pushi/vec4 0, 0, 1;
    %store/vec4 v0000019bb3665d90_0, 0, 1;
    %pushi/vec4 15, 0, 4;
    %store/vec4 v0000019bb3665570_0, 0, 4;
    %pushi/vec4 15, 0, 4;
    %store/vec4 v0000019bb36659d0_0, 0, 4;
    %pushi/vec4 1, 0, 1;
    %store/vec4 v0000019bb3665e30_0, 0, 1;
    %delay 20000, 0;
    %pushi/vec4 0, 0, 1;
    %store/vec4 v0000019bb3665e30_0, 0, 1;
    %delay 3000000, 0;
    %delay 10000, 0;
    %pushi/vec4 1, 0, 1;
    %store/vec4 v0000019bb3665d90_0, 0, 1;
    %delay 10000, 0;
    %pushi/vec4 0, 0, 1;
    %store/vec4 v0000019bb3665d90_0, 0, 1;
    %pushi/vec4 7, 0, 4;
    %store/vec4 v0000019bb3665570_0, 0, 4;
    %pushi/vec4 2, 0, 4;
    %store/vec4 v0000019bb36659d0_0, 0, 4;
    %pushi/vec4 1, 0, 1;
    %store/vec4 v0000019bb3665e30_0, 0, 1;
    %delay 20000, 0;
    %pushi/vec4 0, 0, 1;
    %store/vec4 v0000019bb3665e30_0, 0, 1;
    %delay 3000000, 0;
    %delay 10000, 0;
    %pushi/vec4 1, 0, 1;
    %store/vec4 v0000019bb3665d90_0, 0, 1;
    %delay 10000, 0;
    %pushi/vec4 0, 0, 1;
    %store/vec4 v0000019bb3665d90_0, 0, 1;
    %pushi/vec4 15, 0, 4;
    %store/vec4 v0000019bb3665570_0, 0, 4;
    %pushi/vec4 4, 0, 4;
    %store/vec4 v0000019bb36659d0_0, 0, 4;
    %pushi/vec4 1, 0, 1;
    %store/vec4 v0000019bb3665e30_0, 0, 1;
    %delay 20000, 0;
    %pushi/vec4 0, 0, 1;
    %store/vec4 v0000019bb3665e30_0, 0, 1;
    %delay 3000000, 0;
    %delay 10000, 0;
    %pushi/vec4 1, 0, 1;
    %store/vec4 v0000019bb3665d90_0, 0, 1;
    %delay 10000, 0;
    %pushi/vec4 0, 0, 1;
    %store/vec4 v0000019bb3665d90_0, 0, 1;
    %pushi/vec4 9, 0, 4;
    %store/vec4 v0000019bb3665570_0, 0, 4;
    %pushi/vec4 2, 0, 4;
    %store/vec4 v0000019bb36659d0_0, 0, 4;
    %pushi/vec4 1, 0, 1;
    %store/vec4 v0000019bb3665e30_0, 0, 1;
    %delay 20000, 0;
    %pushi/vec4 0, 0, 1;
    %store/vec4 v0000019bb3665e30_0, 0, 1;
    %delay 3000000, 0;
    %delay 10000, 0;
    %pushi/vec4 1, 0, 1;
    %store/vec4 v0000019bb3665d90_0, 0, 1;
    %delay 10000, 0;
    %pushi/vec4 0, 0, 1;
    %store/vec4 v0000019bb3665d90_0, 0, 1;
    %pushi/vec4 8, 0, 4;
    %store/vec4 v0000019bb3665570_0, 0, 4;
    %pushi/vec4 3, 0, 4;
    %store/vec4 v0000019bb36659d0_0, 0, 4;
    %pushi/vec4 1, 0, 1;
    %store/vec4 v0000019bb3665e30_0, 0, 1;
    %delay 20000, 0;
    %pushi/vec4 0, 0, 1;
    %store/vec4 v0000019bb3665e30_0, 0, 1;
    %delay 3000000, 0;
    %delay 10000, 0;
    %pushi/vec4 1, 0, 1;
    %store/vec4 v0000019bb3665d90_0, 0, 1;
    %delay 10000, 0;
    %pushi/vec4 0, 0, 1;
    %store/vec4 v0000019bb3665d90_0, 0, 1;
    %pushi/vec4 15, 0, 4;
    %store/vec4 v0000019bb3665570_0, 0, 4;
    %pushi/vec4 15, 0, 4;
    %store/vec4 v0000019bb36659d0_0, 0, 4;
    %pushi/vec4 1, 0, 1;
    %store/vec4 v0000019bb3665e30_0, 0, 1;
    %delay 20000, 0;
    %pushi/vec4 0, 0, 1;
    %store/vec4 v0000019bb3665e30_0, 0, 1;
    %delay 3000000, 0;
    %delay 10000, 0;
    %pushi/vec4 1, 0, 1;
    %store/vec4 v0000019bb3665d90_0, 0, 1;
    %delay 10000, 0;
    %pushi/vec4 0, 0, 1;
    %store/vec4 v0000019bb3665d90_0, 0, 1;
    %pushi/vec4 6, 0, 4;
    %store/vec4 v0000019bb3665570_0, 0, 4;
    %pushi/vec4 15, 0, 4;
    %store/vec4 v0000019bb36659d0_0, 0, 4;
    %pushi/vec4 1, 0, 1;
    %store/vec4 v0000019bb3665e30_0, 0, 1;
    %delay 20000, 0;
    %pushi/vec4 0, 0, 1;
    %store/vec4 v0000019bb3665e30_0, 0, 1;
    %delay 3000000, 0;
    %delay 10000, 0;
    %pushi/vec4 1, 0, 1;
    %store/vec4 v0000019bb3665d90_0, 0, 1;
    %delay 10000, 0;
    %pushi/vec4 0, 0, 1;
    %store/vec4 v0000019bb3665d90_0, 0, 1;
    %pushi/vec4 12, 0, 4;
    %store/vec4 v0000019bb3665570_0, 0, 4;
    %pushi/vec4 15, 0, 4;
    %store/vec4 v0000019bb36659d0_0, 0, 4;
    %pushi/vec4 1, 0, 1;
    %store/vec4 v0000019bb3665e30_0, 0, 1;
    %delay 20000, 0;
    %pushi/vec4 0, 0, 1;
    %store/vec4 v0000019bb3665e30_0, 0, 1;
    %delay 500000, 0;
    %vpi_call 2 115 "$finish" {0 0 0};
    %end;
    .thread T_19;
# The file index is used to find the file name in the following table.
:file_names 17;
    "N/A";
    "<interactive>";
    "division_tb.v";
    "./restoring_division_topmodule.v";
    "./restoring_division_controlpath.v";
    "./restoring_division_datapath.v";
    "./register_a.v";
    "./register_q.v";
    "./adder.v";
    "./comparator.v";
    "./comparator_1bit.v";
    "./counter.v";
    "./mux_2x1.v";
    "./mux_2x1_16bit.v";
    "./shift_register_a.v";
    "./shift_register_q.v";
    "./subtractor.v";
