#! /c/Source/iverilog-install/bin/vvp
:ivl_version "12.0 (devel)" "(s20150603-1539-g2693dd32b)";
:ivl_delay_selection "TYPICAL";
:vpi_time_precision - 12;
:vpi_module "C:\iverilog\lib\ivl\system.vpi";
:vpi_module "C:\iverilog\lib\ivl\vhdl_sys.vpi";
:vpi_module "C:\iverilog\lib\ivl\vhdl_textio.vpi";
:vpi_module "C:\iverilog\lib\ivl\v2005_math.vpi";
:vpi_module "C:\iverilog\lib\ivl\va_math.vpi";
S_000002b07b68bce0 .scope module, "lcd_module" "lcd_module" 2 3;
 .timescale -9 -12;
    .port_info 0 /INPUT 1 "clk";
    .port_info 1 /INPUT 1 "rst";
    .port_info 2 /INPUT 4 "quotient";
    .port_info 3 /OUTPUT 7 "seg";
    .port_info 4 /OUTPUT 4 "digit";
P_000002b07b6a2770 .param/l "A" 0 2 27, C4<0001000>;
P_000002b07b6a27a8 .param/l "B" 0 2 28, C4<1100000>;
P_000002b07b6a27e0 .param/l "C" 0 2 29, C4<0110001>;
P_000002b07b6a2818 .param/l "D" 0 2 30, C4<1000010>;
P_000002b07b6a2850 .param/l "E" 0 2 31, C4<0010000>;
P_000002b07b6a2888 .param/l "EIGHT" 0 2 25, C4<0000000>;
P_000002b07b6a28c0 .param/l "F" 0 2 32, C4<0111000>;
P_000002b07b6a28f8 .param/l "FIVE" 0 2 22, C4<0100100>;
P_000002b07b6a2930 .param/l "FOUR" 0 2 21, C4<1001100>;
P_000002b07b6a2968 .param/l "NINE" 0 2 26, C4<0001100>;
P_000002b07b6a29a0 .param/l "ONE" 0 2 18, C4<1001111>;
P_000002b07b6a29d8 .param/l "SEVEN" 0 2 24, C4<0001111>;
P_000002b07b6a2a10 .param/l "SIX" 0 2 23, C4<0100000>;
P_000002b07b6a2a48 .param/l "THREE" 0 2 20, C4<0000110>;
P_000002b07b6a2a80 .param/l "TWO" 0 2 19, C4<0010010>;
P_000002b07b6a2ab8 .param/l "ZERO" 0 2 17, C4<0000001>;
o000002b07b6dbfd8 .functor BUFZ 1, C4<z>; HiZ drive
v000002b07b6a2df0_0 .net "clk", 0 0, o000002b07b6dbfd8;  0 drivers
v000002b07b6a3010_0 .var "digit", 3 0;
o000002b07b6dc038 .functor BUFZ 4, C4<zzzz>; HiZ drive
v000002b07b6a2b00_0 .net "quotient", 3 0, o000002b07b6dc038;  0 drivers
o000002b07b6dc068 .functor BUFZ 1, C4<z>; HiZ drive
v000002b07b68be70_0 .net "rst", 0 0, o000002b07b6dc068;  0 drivers
v000002b07b68bf10_0 .var "seg", 6 0;
E_000002b07b68b500 .event anyedge, v000002b07b6a2b00_0;
E_000002b07b68ad40 .event posedge, v000002b07b6a2df0_0;
    .scope S_000002b07b68bce0;
T_0 ;
    %wait E_000002b07b68ad40;
    %pushi/vec4 14, 0, 4;
    %assign/vec4 v000002b07b6a3010_0, 0;
    %jmp T_0;
    .thread T_0;
    .scope S_000002b07b68bce0;
T_1 ;
    %wait E_000002b07b68b500;
    %load/vec4 v000002b07b6a2b00_0;
    %dup/vec4;
    %pushi/vec4 0, 0, 4;
    %cmp/u;
    %jmp/1 T_1.0, 6;
    %dup/vec4;
    %pushi/vec4 1, 0, 4;
    %cmp/u;
    %jmp/1 T_1.1, 6;
    %dup/vec4;
    %pushi/vec4 2, 0, 4;
    %cmp/u;
    %jmp/1 T_1.2, 6;
    %dup/vec4;
    %pushi/vec4 3, 0, 4;
    %cmp/u;
    %jmp/1 T_1.3, 6;
    %dup/vec4;
    %pushi/vec4 4, 0, 4;
    %cmp/u;
    %jmp/1 T_1.4, 6;
    %dup/vec4;
    %pushi/vec4 5, 0, 4;
    %cmp/u;
    %jmp/1 T_1.5, 6;
    %dup/vec4;
    %pushi/vec4 6, 0, 4;
    %cmp/u;
    %jmp/1 T_1.6, 6;
    %dup/vec4;
    %pushi/vec4 7, 0, 4;
    %cmp/u;
    %jmp/1 T_1.7, 6;
    %dup/vec4;
    %pushi/vec4 8, 0, 4;
    %cmp/u;
    %jmp/1 T_1.8, 6;
    %dup/vec4;
    %pushi/vec4 9, 0, 4;
    %cmp/u;
    %jmp/1 T_1.9, 6;
    %dup/vec4;
    %pushi/vec4 10, 0, 4;
    %cmp/u;
    %jmp/1 T_1.10, 6;
    %dup/vec4;
    %pushi/vec4 11, 0, 4;
    %cmp/u;
    %jmp/1 T_1.11, 6;
    %dup/vec4;
    %pushi/vec4 12, 0, 4;
    %cmp/u;
    %jmp/1 T_1.12, 6;
    %dup/vec4;
    %pushi/vec4 13, 0, 4;
    %cmp/u;
    %jmp/1 T_1.13, 6;
    %dup/vec4;
    %pushi/vec4 14, 0, 4;
    %cmp/u;
    %jmp/1 T_1.14, 6;
    %dup/vec4;
    %pushi/vec4 15, 0, 4;
    %cmp/u;
    %jmp/1 T_1.15, 6;
    %pushi/vec4 0, 0, 7;
    %store/vec4 v000002b07b68bf10_0, 0, 7;
    %jmp T_1.17;
T_1.0 ;
    %pushi/vec4 1, 0, 7;
    %store/vec4 v000002b07b68bf10_0, 0, 7;
    %jmp T_1.17;
T_1.1 ;
    %pushi/vec4 79, 0, 7;
    %store/vec4 v000002b07b68bf10_0, 0, 7;
    %jmp T_1.17;
T_1.2 ;
    %pushi/vec4 18, 0, 7;
    %store/vec4 v000002b07b68bf10_0, 0, 7;
    %jmp T_1.17;
T_1.3 ;
    %pushi/vec4 6, 0, 7;
    %store/vec4 v000002b07b68bf10_0, 0, 7;
    %jmp T_1.17;
T_1.4 ;
    %pushi/vec4 76, 0, 7;
    %store/vec4 v000002b07b68bf10_0, 0, 7;
    %jmp T_1.17;
T_1.5 ;
    %pushi/vec4 36, 0, 7;
    %store/vec4 v000002b07b68bf10_0, 0, 7;
    %jmp T_1.17;
T_1.6 ;
    %pushi/vec4 32, 0, 7;
    %store/vec4 v000002b07b68bf10_0, 0, 7;
    %jmp T_1.17;
T_1.7 ;
    %pushi/vec4 15, 0, 7;
    %store/vec4 v000002b07b68bf10_0, 0, 7;
    %jmp T_1.17;
T_1.8 ;
    %pushi/vec4 0, 0, 7;
    %store/vec4 v000002b07b68bf10_0, 0, 7;
    %jmp T_1.17;
T_1.9 ;
    %pushi/vec4 12, 0, 7;
    %store/vec4 v000002b07b68bf10_0, 0, 7;
    %jmp T_1.17;
T_1.10 ;
    %pushi/vec4 8, 0, 7;
    %store/vec4 v000002b07b68bf10_0, 0, 7;
    %jmp T_1.17;
T_1.11 ;
    %pushi/vec4 96, 0, 7;
    %store/vec4 v000002b07b68bf10_0, 0, 7;
    %jmp T_1.17;
T_1.12 ;
    %pushi/vec4 49, 0, 7;
    %store/vec4 v000002b07b68bf10_0, 0, 7;
    %jmp T_1.17;
T_1.13 ;
    %pushi/vec4 66, 0, 7;
    %store/vec4 v000002b07b68bf10_0, 0, 7;
    %jmp T_1.17;
T_1.14 ;
    %pushi/vec4 16, 0, 7;
    %store/vec4 v000002b07b68bf10_0, 0, 7;
    %jmp T_1.17;
T_1.15 ;
    %pushi/vec4 56, 0, 7;
    %store/vec4 v000002b07b68bf10_0, 0, 7;
    %jmp T_1.17;
T_1.17 ;
    %pop/vec4 1;
    %jmp T_1;
    .thread T_1, $push;
# The file index is used to find the file name in the following table.
:file_names 3;
    "N/A";
    "<interactive>";
    "lcd_module.v";
