#! /c/Source/iverilog-install/bin/vvp
:ivl_version "12.0 (devel)" "(s20150603-1539-g2693dd32b)";
:ivl_delay_selection "TYPICAL";
:vpi_time_precision - 12;
:vpi_module "C:\iverilog\lib\ivl\system.vpi";
:vpi_module "C:\iverilog\lib\ivl\vhdl_sys.vpi";
:vpi_module "C:\iverilog\lib\ivl\vhdl_textio.vpi";
:vpi_module "C:\iverilog\lib\ivl\v2005_math.vpi";
:vpi_module "C:\iverilog\lib\ivl\va_math.vpi";
S_0000023219346020 .scope module, "restoring_division_topmodule" "restoring_division_topmodule" 2 7;
 .timescale -9 -12;
    .port_info 0 /INPUT 1 "clk";
    .port_info 1 /INPUT 1 "rst";
    .port_info 2 /INPUT 1 "start";
    .port_info 3 /INPUT 4 "dividend";
    .port_info 4 /INPUT 4 "divisor";
    .port_info 5 /OUTPUT 5 "remainder";
    .port_info 6 /OUTPUT 7 "seg";
    .port_info 7 /OUTPUT 4 "digit";
    .port_info 8 /OUTPUT 1 "done";
o000002321935cc98 .functor BUFZ 1, C4<z>; HiZ drive
v00000232193bc550_0 .net "clk", 0 0, o000002321935cc98;  0 drivers
v00000232193bceb0_0 .net "count", 1 0, v000002321934e9f0_0;  1 drivers
v00000232193bb150_0 .net "count_enable", 0 0, v000002321934ea90_0;  1 drivers
v00000232193bbb50_0 .net "digit", 3 0, v00000232193bc2d0_0;  1 drivers
o000002321935db98 .functor BUFZ 4, C4<zzzz>; HiZ drive
v00000232193bb1f0_0 .net "dividend", 3 0, o000002321935db98;  0 drivers
o000002321935e378 .functor BUFZ 4, C4<zzzz>; HiZ drive
v00000232193bb290_0 .net "divisor", 3 0, o000002321935e378;  0 drivers
v00000232193bbbf0_0 .net "done", 0 0, v000002321934d370_0;  1 drivers
v00000232193bcaf0_0 .net "ld_A", 0 0, v000002321934d230_0;  1 drivers
v00000232193bcb90_0 .net "ld_Q", 0 0, v000002321934e3b0_0;  1 drivers
v00000232193bb8d0_0 .net "ld_rem_quotient", 0 0, v000002321934daf0_0;  1 drivers
v00000232193bc690_0 .net "negative_flag", 0 0, v000002321934e590_0;  1 drivers
v00000232193bc190_0 .net "quotient", 3 0, v00000232193b6d00_0;  1 drivers
v00000232193bc230_0 .net "remainder", 4 0, v00000232193b6120_0;  1 drivers
o000002321935ce78 .functor BUFZ 1, C4<z>; HiZ drive
v00000232193bbfb0_0 .net "rst", 0 0, o000002321935ce78;  0 drivers
v00000232193bc050_0 .net "seg", 6 0, v00000232193bbab0_0;  1 drivers
v00000232193bc370_0 .net "select_A", 0 0, v000002321934e310_0;  1 drivers
v00000232193bb330_0 .net "select_Q", 0 0, v000002321934ec70_0;  1 drivers
v00000232193bc410_0 .net "select_add", 0 0, v000002321934dff0_0;  1 drivers
v00000232193bcd70_0 .net "select_mux_2", 0 0, v000002321934ed10_0;  1 drivers
v00000232193bc4b0_0 .net "shift_left_enable_a", 0 0, v000002321934de10_0;  1 drivers
v00000232193bb470_0 .net "shift_left_enable_q", 0 0, v000002321934edb0_0;  1 drivers
o000002321935cfc8 .functor BUFZ 1, C4<z>; HiZ drive
v00000232193bb6f0_0 .net "start", 0 0, o000002321935cfc8;  0 drivers
v00000232193bb510_0 .net "status", 0 0, v000002321934e950_0;  1 drivers
S_00000232192f58d0 .scope module, "controlpath" "restoring_division_controlpath" 2 59, 3 3 0, S_0000023219346020;
 .timescale -9 -12;
    .port_info 0 /INPUT 1 "clk";
    .port_info 1 /INPUT 1 "rst";
    .port_info 2 /INPUT 1 "start";
    .port_info 3 /INPUT 1 "negative_flag";
    .port_info 4 /INPUT 2 "count";
    .port_info 5 /INPUT 1 "status";
    .port_info 6 /OUTPUT 1 "select_A";
    .port_info 7 /OUTPUT 1 "select_Q";
    .port_info 8 /OUTPUT 1 "ld_A";
    .port_info 9 /OUTPUT 1 "ld_Q";
    .port_info 10 /OUTPUT 1 "shift_left_enable_a";
    .port_info 11 /OUTPUT 1 "select_add";
    .port_info 12 /OUTPUT 1 "select_mux_2";
    .port_info 13 /OUTPUT 1 "shift_left_enable_q";
    .port_info 14 /OUTPUT 1 "count_enable";
    .port_info 15 /OUTPUT 1 "ld_rem_quotient";
    .port_info 16 /OUTPUT 1 "done";
P_00000232192f5a60 .param/l "adder" 0 3 36, C4<1001>;
P_00000232192f5a98 .param/l "check" 0 3 37, C4<1010>;
P_00000232192f5ad0 .param/l "display" 0 3 39, C4<1100>;
P_00000232192f5b08 .param/l "idle" 0 3 27, C4<0000>;
P_00000232192f5b40 .param/l "iter" 0 3 38, C4<1011>;
P_00000232192f5b78 .param/l "load" 0 3 28, C4<0001>;
P_00000232192f5bb0 .param/l "shift_a" 0 3 29, C4<0010>;
P_00000232192f5be8 .param/l "shift_q" 0 3 32, C4<0101>;
P_00000232192f5c20 .param/l "subtract" 0 3 31, C4<0100>;
P_00000232192f5c58 .param/l "wait_a" 0 3 30, C4<0011>;
P_00000232192f5c90 .param/l "wait_extra_debug" 0 3 35, C4<1000>;
P_00000232192f5cc8 .param/l "wait_load" 0 3 34, C4<0111>;
P_00000232192f5d00 .param/l "wait_q" 0 3 33, C4<0110>;
v000002321934ebd0_0 .net "clk", 0 0, o000002321935cc98;  alias, 0 drivers
v000002321934e630_0 .net "count", 1 0, v000002321934e9f0_0;  alias, 1 drivers
v000002321934ea90_0 .var "count_enable", 0 0;
v000002321934d370_0 .var "done", 0 0;
v000002321934d230_0 .var "ld_A", 0 0;
v000002321934e3b0_0 .var "ld_Q", 0 0;
v000002321934daf0_0 .var "ld_rem_quotient", 0 0;
v000002321934dd70_0 .net "negative_flag", 0 0, v000002321934e590_0;  alias, 1 drivers
v000002321934d0f0_0 .var "next_state", 3 0;
v000002321934d2d0_0 .var "present_state", 3 0;
v000002321934d730_0 .net "rst", 0 0, o000002321935ce78;  alias, 0 drivers
v000002321934e310_0 .var "select_A", 0 0;
v000002321934ec70_0 .var "select_Q", 0 0;
v000002321934dff0_0 .var "select_add", 0 0;
v000002321934ed10_0 .var "select_mux_2", 0 0;
v000002321934de10_0 .var "shift_left_enable_a", 0 0;
v000002321934edb0_0 .var "shift_left_enable_q", 0 0;
v000002321934e770_0 .net "start", 0 0, o000002321935cfc8;  alias, 0 drivers
v000002321934cf10_0 .net "status", 0 0, v000002321934e950_0;  alias, 1 drivers
E_0000023219357a20 .event anyedge, v000002321934d2d0_0;
E_0000023219357a60 .event anyedge, v000002321934e770_0, v000002321934d2d0_0;
E_0000023219356d20 .event posedge, v000002321934d730_0, v000002321934ebd0_0;
S_000002321939ed20 .scope module, "datapath" "restoring_division_datapath" 2 37, 4 16 0, S_0000023219346020;
 .timescale -9 -12;
    .port_info 0 /INPUT 1 "clk";
    .port_info 1 /INPUT 1 "rst";
    .port_info 2 /INPUT 4 "dividend";
    .port_info 3 /INPUT 4 "divisor";
    .port_info 4 /INPUT 1 "select_A";
    .port_info 5 /INPUT 1 "select_Q";
    .port_info 6 /INPUT 1 "ld_A";
    .port_info 7 /INPUT 1 "ld_Q";
    .port_info 8 /INPUT 1 "shift_left_enable_a";
    .port_info 9 /INPUT 1 "select_add";
    .port_info 10 /INPUT 1 "select_mux_2";
    .port_info 11 /INPUT 1 "shift_left_enable_q";
    .port_info 12 /INPUT 1 "count_enable";
    .port_info 13 /INPUT 1 "ld_rem_quotient";
    .port_info 14 /OUTPUT 1 "negative_flag";
    .port_info 15 /OUTPUT 4 "quotient";
    .port_info 16 /OUTPUT 5 "remainder";
    .port_info 17 /OUTPUT 2 "count";
    .port_info 18 /OUTPUT 1 "status";
v00000232193b7ac0_0 .net "A", 4 0, v000002321934e270_0;  1 drivers
v00000232193b7020_0 .net "Q", 3 0, v000002321934e4f0_0;  1 drivers
L_00000232193be200 .functor BUFT 1, C4<0>, C4<0>, C4<0>, C4<0>;
v00000232193b7c00_0 .net/2u *"_ivl_10", 0 0, L_00000232193be200;  1 drivers
L_00000232193be1b8 .functor BUFT 1, C4<0>, C4<0>, C4<0>, C4<0>;
v00000232193b6440_0 .net/2u *"_ivl_6", 0 0, L_00000232193be1b8;  1 drivers
v00000232193b70c0_0 .net "adder_out", 4 0, v000002321934deb0_0;  1 drivers
v00000232193b6760_0 .net "clk", 0 0, o000002321935cc98;  alias, 0 drivers
v00000232193b7160_0 .net "count", 1 0, v000002321934e9f0_0;  alias, 1 drivers
v00000232193b72a0_0 .net "count_enable", 0 0, v000002321934ea90_0;  alias, 1 drivers
v00000232193b7340_0 .net "dividend", 3 0, o000002321935db98;  alias, 0 drivers
v00000232193b6800_0 .net "divisor", 3 0, o000002321935e378;  alias, 0 drivers
v00000232193b69e0_0 .net "ld_A", 0 0, v000002321934d230_0;  alias, 1 drivers
v00000232193b73e0_0 .net "ld_Q", 0 0, v000002321934e3b0_0;  alias, 1 drivers
v00000232193b7480_0 .net "ld_rem_quotient", 0 0, v000002321934daf0_0;  alias, 1 drivers
v00000232193b7660_0 .net "mux_out_1", 4 0, v0000023219348480_0;  1 drivers
v00000232193bcf50_0 .net "mux_out_2", 4 0, v00000232193b7840_0;  1 drivers
v00000232193bcc30_0 .net "mux_out_3", 3 0, v00000232193b7a20_0;  1 drivers
v00000232193bbd30_0 .net "mux_out_4", 4 0, v00000232193b7de0_0;  1 drivers
v00000232193bb790_0 .net "negative_flag", 0 0, v000002321934e590_0;  alias, 1 drivers
v00000232193bca50_0 .net "quotient", 3 0, v00000232193b6d00_0;  alias, 1 drivers
v00000232193bc0f0_0 .net "remainder", 4 0, v00000232193b6120_0;  alias, 1 drivers
v00000232193bccd0_0 .net "rst", 0 0, o000002321935ce78;  alias, 0 drivers
v00000232193bc5f0_0 .net "select_A", 0 0, v000002321934e310_0;  alias, 1 drivers
v00000232193bc730_0 .net "select_Q", 0 0, v000002321934ec70_0;  alias, 1 drivers
v00000232193bc7d0_0 .net "select_add", 0 0, v000002321934dff0_0;  alias, 1 drivers
v00000232193bc870_0 .net "select_mux_2", 0 0, v000002321934ed10_0;  alias, 1 drivers
v00000232193bbc90_0 .net "shift_left_enable_a", 0 0, v000002321934de10_0;  alias, 1 drivers
v00000232193bcff0_0 .net "shift_left_enable_q", 0 0, v000002321934edb0_0;  alias, 1 drivers
v00000232193bbdd0_0 .net "shift_register_out_a", 4 0, v00000232193b7520_0;  1 drivers
v00000232193bc910_0 .net "shift_register_out_q", 3 0, v00000232193b6e40_0;  1 drivers
v00000232193bb830_0 .net "status", 0 0, v000002321934e950_0;  alias, 1 drivers
v00000232193bc9b0_0 .net "subtractor_out", 4 0, v00000232193b63a0_0;  1 drivers
L_00000232193bb5b0 .part v000002321934e270_0, 4, 1;
L_00000232193bb650 .concat [ 4 1 0 0], o000002321935e378, L_00000232193be1b8;
L_00000232193bb970 .concat [ 4 1 0 0], o000002321935e378, L_00000232193be200;
L_00000232193bba10 .part v00000232193b7840_0, 4, 1;
S_00000232192ef9b0 .scope module, "A_reg" "register_a" 4 66, 5 2 0, S_000002321939ed20;
 .timescale -9 -12;
    .port_info 0 /INPUT 1 "rst";
    .port_info 1 /INPUT 1 "clk";
    .port_info 2 /INPUT 1 "ld_register";
    .port_info 3 /INPUT 5 "input_data";
    .port_info 4 /OUTPUT 5 "output_data";
v000002321934d690_0 .net "clk", 0 0, o000002321935cc98;  alias, 0 drivers
v000002321934d7d0_0 .net "input_data", 4 0, v0000023219348480_0;  alias, 1 drivers
v000002321934e1d0_0 .net "ld_register", 0 0, v000002321934d230_0;  alias, 1 drivers
v000002321934e270_0 .var "output_data", 4 0;
v000002321934db90_0 .net "rst", 0 0, o000002321935ce78;  alias, 0 drivers
S_00000232192efb40 .scope module, "Q_reg" "register_q" 4 75, 6 2 0, S_000002321939ed20;
 .timescale -9 -12;
    .port_info 0 /INPUT 1 "rst";
    .port_info 1 /INPUT 1 "clk";
    .port_info 2 /INPUT 1 "ld_register";
    .port_info 3 /INPUT 4 "input_data";
    .port_info 4 /OUTPUT 4 "output_data";
v000002321934e450_0 .net "clk", 0 0, o000002321935cc98;  alias, 0 drivers
v000002321934dc30_0 .net "input_data", 3 0, v00000232193b7a20_0;  alias, 1 drivers
v000002321934e810_0 .net "ld_register", 0 0, v000002321934e3b0_0;  alias, 1 drivers
v000002321934e4f0_0 .var "output_data", 3 0;
v000002321934d410_0 .net "rst", 0 0, o000002321935ce78;  alias, 0 drivers
S_00000232192ece40 .scope module, "adder1" "adder" 4 108, 7 2 0, S_000002321939ed20;
 .timescale -9 -12;
    .port_info 0 /INPUT 5 "A";
    .port_info 1 /INPUT 5 "B";
    .port_info 2 /OUTPUT 5 "sum";
v000002321934e8b0_0 .net "A", 4 0, v00000232193b7de0_0;  alias, 1 drivers
v000002321934dcd0_0 .net "B", 4 0, L_00000232193bb650;  1 drivers
v000002321934deb0_0 .var "sum", 4 0;
E_0000023219356e60 .event anyedge, v000002321934dcd0_0, v000002321934e8b0_0;
S_00000232192ecfd0 .scope module, "cmp" "comparator" 4 156, 8 2 0, S_000002321939ed20;
 .timescale -9 -12;
    .port_info 0 /INPUT 2 "A";
    .port_info 1 /INPUT 2 "B";
    .port_info 2 /OUTPUT 1 "equal";
v000002321934d5f0_0 .net "A", 1 0, v000002321934e9f0_0;  alias, 1 drivers
L_00000232193be248 .functor BUFT 1, C4<11>, C4<0>, C4<0>, C4<0>;
v000002321934cfb0_0 .net "B", 1 0, L_00000232193be248;  1 drivers
v000002321934e950_0 .var "equal", 0 0;
E_00000232193576a0 .event anyedge, v000002321934cfb0_0, v000002321934e630_0;
S_0000023219334960 .scope module, "cmp1" "comparator_1bit" 4 93, 9 2 0, S_000002321939ed20;
 .timescale -9 -12;
    .port_info 0 /INPUT 1 "A";
    .port_info 1 /INPUT 1 "B";
    .port_info 2 /OUTPUT 1 "equal";
v000002321934df50_0 .net "A", 0 0, L_00000232193bb5b0;  1 drivers
L_00000232193be170 .functor BUFT 1, C4<1>, C4<0>, C4<0>, C4<0>;
v000002321934d190_0 .net "B", 0 0, L_00000232193be170;  1 drivers
v000002321934e590_0 .var "equal", 0 0;
E_0000023219356da0 .event anyedge, v000002321934d190_0, v000002321934df50_0;
S_0000023219334af0 .scope module, "incrementer" "counter" 4 148, 10 2 0, S_000002321939ed20;
 .timescale -9 -12;
    .port_info 0 /INPUT 1 "clk";
    .port_info 1 /INPUT 1 "rst";
    .port_info 2 /INPUT 1 "count_enable";
    .port_info 3 /OUTPUT 2 "count";
v000002321934d050_0 .net "clk", 0 0, o000002321935cc98;  alias, 0 drivers
v000002321934e9f0_0 .var "count", 1 0;
v000002321934d4b0_0 .net "count_enable", 0 0, v000002321934ea90_0;  alias, 1 drivers
v000002321934d550_0 .net "rst", 0 0, o000002321935ce78;  alias, 0 drivers
E_0000023219357120 .event posedge, v000002321934ebd0_0;
S_0000023219301350 .scope module, "mux1" "mux_2x1" 4 58, 11 2 0, S_000002321939ed20;
 .timescale -9 -12;
    .port_info 0 /INPUT 1 "select";
    .port_info 1 /INPUT 5 "A";
    .port_info 2 /INPUT 5 "B";
    .port_info 3 /OUTPUT 5 "out";
L_00000232193be128 .functor BUFT 1, C4<00000>, C4<0>, C4<0>, C4<0>;
v0000023219347a80_0 .net "A", 4 0, L_00000232193be128;  1 drivers
v0000023219347d00_0 .net "B", 4 0, v00000232193b7840_0;  alias, 1 drivers
v0000023219348480_0 .var "out", 4 0;
v0000023219347b20_0 .net "select", 0 0, v000002321934e310_0;  alias, 1 drivers
E_0000023219357020 .event anyedge, v0000023219347d00_0, v0000023219347a80_0, v000002321934e310_0;
S_00000232193014e0 .scope module, "mux2" "mux_2x1" 4 122, 11 2 0, S_000002321939ed20;
 .timescale -9 -12;
    .port_info 0 /INPUT 1 "select";
    .port_info 1 /INPUT 5 "A";
    .port_info 2 /INPUT 5 "B";
    .port_info 3 /OUTPUT 5 "out";
v0000023219347bc0_0 .net "A", 4 0, v000002321934deb0_0;  alias, 1 drivers
v00000232193b6580_0 .net "B", 4 0, v00000232193b63a0_0;  alias, 1 drivers
v00000232193b7840_0 .var "out", 4 0;
v00000232193b7ca0_0 .net "select", 0 0, v000002321934ed10_0;  alias, 1 drivers
E_0000023219356e20 .event anyedge, v00000232193b6580_0, v000002321934deb0_0, v000002321934ed10_0;
S_00000232192e9a50 .scope module, "mux3" "mux_2x1_16bit" 4 140, 12 2 0, S_000002321939ed20;
 .timescale -9 -12;
    .port_info 0 /INPUT 1 "select";
    .port_info 1 /INPUT 4 "A";
    .port_info 2 /INPUT 4 "B";
    .port_info 3 /OUTPUT 4 "out";
v00000232193b7d40_0 .net "A", 3 0, o000002321935db98;  alias, 0 drivers
v00000232193b77a0_0 .net "B", 3 0, v00000232193b6e40_0;  alias, 1 drivers
v00000232193b7a20_0 .var "out", 3 0;
v00000232193b7e80_0 .net "select", 0 0, v000002321934ec70_0;  alias, 1 drivers
E_0000023219356ea0 .event anyedge, v00000232193b77a0_0, v00000232193b7d40_0, v000002321934ec70_0;
S_00000232192e9be0 .scope module, "mux4" "mux_2x1" 4 99, 11 2 0, S_000002321939ed20;
 .timescale -9 -12;
    .port_info 0 /INPUT 1 "select";
    .port_info 1 /INPUT 5 "A";
    .port_info 2 /INPUT 5 "B";
    .port_info 3 /OUTPUT 5 "out";
v00000232193b6c60_0 .net "A", 4 0, v000002321934e270_0;  alias, 1 drivers
v00000232193b64e0_0 .net "B", 4 0, v00000232193b7520_0;  alias, 1 drivers
v00000232193b7de0_0 .var "out", 4 0;
v00000232193b6b20_0 .net "select", 0 0, v000002321934dff0_0;  alias, 1 drivers
E_0000023219356f60 .event anyedge, v00000232193b64e0_0, v000002321934e270_0, v000002321934dff0_0;
S_000002321929e170 .scope module, "quotient_reg" "register_q" 4 172, 6 2 0, S_000002321939ed20;
 .timescale -9 -12;
    .port_info 0 /INPUT 1 "rst";
    .port_info 1 /INPUT 1 "clk";
    .port_info 2 /INPUT 1 "ld_register";
    .port_info 3 /INPUT 4 "input_data";
    .port_info 4 /OUTPUT 4 "output_data";
v00000232193b78e0_0 .net "clk", 0 0, o000002321935cc98;  alias, 0 drivers
v00000232193b7f20_0 .net "input_data", 3 0, v00000232193b6e40_0;  alias, 1 drivers
v00000232193b68a0_0 .net "ld_register", 0 0, v000002321934daf0_0;  alias, 1 drivers
v00000232193b6d00_0 .var "output_data", 3 0;
v00000232193b6620_0 .net "rst", 0 0, o000002321935ce78;  alias, 0 drivers
S_000002321929e300 .scope module, "remainder_reg" "register_a" 4 163, 5 2 0, S_000002321939ed20;
 .timescale -9 -12;
    .port_info 0 /INPUT 1 "rst";
    .port_info 1 /INPUT 1 "clk";
    .port_info 2 /INPUT 1 "ld_register";
    .port_info 3 /INPUT 5 "input_data";
    .port_info 4 /OUTPUT 5 "output_data";
v00000232193b6f80_0 .net "clk", 0 0, o000002321935cc98;  alias, 0 drivers
v00000232193b7b60_0 .net "input_data", 4 0, v000002321934e270_0;  alias, 1 drivers
v00000232193b7fc0_0 .net "ld_register", 0 0, v000002321934daf0_0;  alias, 1 drivers
v00000232193b6120_0 .var "output_data", 4 0;
v00000232193b6bc0_0 .net "rst", 0 0, o000002321935ce78;  alias, 0 drivers
S_00000232192e63d0 .scope module, "shift_A_left" "shift_register_a" 4 84, 13 2 0, S_000002321939ed20;
 .timescale -9 -12;
    .port_info 0 /INPUT 1 "rst";
    .port_info 1 /INPUT 1 "clk";
    .port_info 2 /INPUT 5 "A";
    .port_info 3 /INPUT 4 "Q";
    .port_info 4 /INPUT 1 "shift_left_enable_a";
    .port_info 5 /OUTPUT 5 "shift_out";
v00000232193b6940_0 .net "A", 4 0, v000002321934e270_0;  alias, 1 drivers
v00000232193b6da0_0 .net "Q", 3 0, v000002321934e4f0_0;  alias, 1 drivers
v00000232193b6a80_0 .net "clk", 0 0, o000002321935cc98;  alias, 0 drivers
v00000232193b7700_0 .net "rst", 0 0, o000002321935ce78;  alias, 0 drivers
v00000232193b61c0_0 .net "shift_left_enable_a", 0 0, v000002321934de10_0;  alias, 1 drivers
v00000232193b7520_0 .var "shift_out", 4 0;
S_00000232192e6560 .scope module, "shift_Q_left" "shift_register_q" 4 130, 14 2 0, S_000002321939ed20;
 .timescale -9 -12;
    .port_info 0 /INPUT 1 "rst";
    .port_info 1 /INPUT 1 "clk";
    .port_info 2 /INPUT 1 "shift_left_enable_q";
    .port_info 3 /INPUT 4 "Q";
    .port_info 4 /INPUT 1 "A";
    .port_info 5 /OUTPUT 4 "shift_out";
v00000232193b7200_0 .net "A", 0 0, L_00000232193bba10;  1 drivers
v00000232193b7980_0 .net "Q", 3 0, v000002321934e4f0_0;  alias, 1 drivers
v00000232193b66c0_0 .net "clk", 0 0, o000002321935cc98;  alias, 0 drivers
v00000232193b6260_0 .net "rst", 0 0, o000002321935ce78;  alias, 0 drivers
v00000232193b6300_0 .net "shift_left_enable_q", 0 0, v000002321934edb0_0;  alias, 1 drivers
v00000232193b6e40_0 .var "shift_out", 3 0;
S_00000232193bac30 .scope module, "subtractor1" "subtractor" 4 115, 15 2 0, S_000002321939ed20;
 .timescale -9 -12;
    .port_info 0 /INPUT 5 "A";
    .port_info 1 /INPUT 5 "B";
    .port_info 2 /OUTPUT 5 "difference";
v00000232193b75c0_0 .net "A", 4 0, v00000232193b7520_0;  alias, 1 drivers
v00000232193b6ee0_0 .net "B", 4 0, L_00000232193bb970;  1 drivers
v00000232193b63a0_0 .var "difference", 4 0;
E_0000023219356fa0 .event anyedge, v00000232193b6ee0_0, v00000232193b64e0_0;
S_00000232193ba910 .scope module, "ssd" "lcd_module" 2 80, 16 3 0, S_0000023219346020;
 .timescale -9 -12;
    .port_info 0 /INPUT 1 "clk";
    .port_info 1 /INPUT 1 "rst";
    .port_info 2 /INPUT 4 "quotient";
    .port_info 3 /OUTPUT 7 "seg";
    .port_info 4 /OUTPUT 4 "digit";
P_000002321932f3c0 .param/l "A" 0 16 27, C4<0001000>;
P_000002321932f3f8 .param/l "B" 0 16 28, C4<1100000>;
P_000002321932f430 .param/l "C" 0 16 29, C4<0110001>;
P_000002321932f468 .param/l "D" 0 16 30, C4<1000010>;
P_000002321932f4a0 .param/l "E" 0 16 31, C4<0010000>;
P_000002321932f4d8 .param/l "EIGHT" 0 16 25, C4<0000000>;
P_000002321932f510 .param/l "F" 0 16 32, C4<0111000>;
P_000002321932f548 .param/l "FIVE" 0 16 22, C4<0100100>;
P_000002321932f580 .param/l "FOUR" 0 16 21, C4<1001100>;
P_000002321932f5b8 .param/l "NINE" 0 16 26, C4<0001100>;
P_000002321932f5f0 .param/l "ONE" 0 16 18, C4<1001111>;
P_000002321932f628 .param/l "SEVEN" 0 16 24, C4<0001111>;
P_000002321932f660 .param/l "SIX" 0 16 23, C4<0100000>;
P_000002321932f698 .param/l "THREE" 0 16 20, C4<0000110>;
P_000002321932f6d0 .param/l "TWO" 0 16 19, C4<0010010>;
P_000002321932f708 .param/l "ZERO" 0 16 17, C4<0000001>;
v00000232193bce10_0 .net "clk", 0 0, o000002321935cc98;  alias, 0 drivers
v00000232193bc2d0_0 .var "digit", 3 0;
v00000232193bbf10_0 .net "quotient", 3 0, v00000232193b6d00_0;  alias, 1 drivers
v00000232193bb3d0_0 .net "rst", 0 0, o000002321935ce78;  alias, 0 drivers
v00000232193bbab0_0 .var "seg", 6 0;
E_00000232193586e0 .event anyedge, v00000232193b6d00_0;
    .scope S_0000023219301350;
T_0 ;
    %wait E_0000023219357020;
    %load/vec4 v0000023219347b20_0;
    %flag_set/vec4 8;
    %jmp/0xz  T_0.0, 8;
    %load/vec4 v0000023219347a80_0;
    %store/vec4 v0000023219348480_0, 0, 5;
    %jmp T_0.1;
T_0.0 ;
    %load/vec4 v0000023219347d00_0;
    %store/vec4 v0000023219348480_0, 0, 5;
T_0.1 ;
    %jmp T_0;
    .thread T_0, $push;
    .scope S_00000232192ef9b0;
T_1 ;
    %wait E_0000023219356d20;
    %load/vec4 v000002321934db90_0;
    %flag_set/vec4 8;
    %jmp/0xz  T_1.0, 8;
    %pushi/vec4 0, 0, 5;
    %assign/vec4 v000002321934e270_0, 0;
    %jmp T_1.1;
T_1.0 ;
    %load/vec4 v000002321934e1d0_0;
    %flag_set/vec4 8;
    %jmp/0xz  T_1.2, 8;
    %load/vec4 v000002321934d7d0_0;
    %assign/vec4 v000002321934e270_0, 0;
T_1.2 ;
T_1.1 ;
    %jmp T_1;
    .thread T_1;
    .scope S_00000232192efb40;
T_2 ;
    %wait E_0000023219356d20;
    %load/vec4 v000002321934d410_0;
    %flag_set/vec4 8;
    %jmp/0xz  T_2.0, 8;
    %pushi/vec4 0, 0, 4;
    %assign/vec4 v000002321934e4f0_0, 0;
    %jmp T_2.1;
T_2.0 ;
    %load/vec4 v000002321934e810_0;
    %flag_set/vec4 8;
    %jmp/0xz  T_2.2, 8;
    %load/vec4 v000002321934dc30_0;
    %assign/vec4 v000002321934e4f0_0, 0;
T_2.2 ;
T_2.1 ;
    %jmp T_2;
    .thread T_2;
    .scope S_00000232192e63d0;
T_3 ;
    %wait E_0000023219356d20;
    %load/vec4 v00000232193b7700_0;
    %flag_set/vec4 8;
    %jmp/0xz  T_3.0, 8;
    %pushi/vec4 0, 0, 5;
    %assign/vec4 v00000232193b7520_0, 0;
    %jmp T_3.1;
T_3.0 ;
    %load/vec4 v00000232193b61c0_0;
    %cmpi/e 1, 0, 1;
    %jmp/0xz  T_3.2, 4;
    %load/vec4 v00000232193b6940_0;
    %parti/s 4, 0, 2;
    %load/vec4 v00000232193b6da0_0;
    %parti/s 1, 3, 3;
    %concat/vec4; draw_concat_vec4
    %assign/vec4 v00000232193b7520_0, 0;
T_3.2 ;
T_3.1 ;
    %jmp T_3;
    .thread T_3;
    .scope S_0000023219334960;
T_4 ;
    %wait E_0000023219356da0;
    %load/vec4 v000002321934df50_0;
    %load/vec4 v000002321934d190_0;
    %cmp/e;
    %jmp/0xz  T_4.0, 4;
    %pushi/vec4 1, 0, 1;
    %store/vec4 v000002321934e590_0, 0, 1;
    %jmp T_4.1;
T_4.0 ;
    %pushi/vec4 0, 0, 1;
    %store/vec4 v000002321934e590_0, 0, 1;
T_4.1 ;
    %jmp T_4;
    .thread T_4, $push;
    .scope S_00000232192e9be0;
T_5 ;
    %wait E_0000023219356f60;
    %load/vec4 v00000232193b6b20_0;
    %flag_set/vec4 8;
    %jmp/0xz  T_5.0, 8;
    %load/vec4 v00000232193b6c60_0;
    %store/vec4 v00000232193b7de0_0, 0, 5;
    %jmp T_5.1;
T_5.0 ;
    %load/vec4 v00000232193b64e0_0;
    %store/vec4 v00000232193b7de0_0, 0, 5;
T_5.1 ;
    %jmp T_5;
    .thread T_5, $push;
    .scope S_00000232192ece40;
T_6 ;
    %wait E_0000023219356e60;
    %load/vec4 v000002321934e8b0_0;
    %load/vec4 v000002321934dcd0_0;
    %add;
    %store/vec4 v000002321934deb0_0, 0, 5;
    %jmp T_6;
    .thread T_6, $push;
    .scope S_00000232193bac30;
T_7 ;
    %wait E_0000023219356fa0;
    %load/vec4 v00000232193b75c0_0;
    %load/vec4 v00000232193b6ee0_0;
    %sub;
    %store/vec4 v00000232193b63a0_0, 0, 5;
    %jmp T_7;
    .thread T_7, $push;
    .scope S_00000232193014e0;
T_8 ;
    %wait E_0000023219356e20;
    %load/vec4 v00000232193b7ca0_0;
    %flag_set/vec4 8;
    %jmp/0xz  T_8.0, 8;
    %load/vec4 v0000023219347bc0_0;
    %store/vec4 v00000232193b7840_0, 0, 5;
    %jmp T_8.1;
T_8.0 ;
    %load/vec4 v00000232193b6580_0;
    %store/vec4 v00000232193b7840_0, 0, 5;
T_8.1 ;
    %jmp T_8;
    .thread T_8, $push;
    .scope S_00000232192e6560;
T_9 ;
    %wait E_0000023219356d20;
    %load/vec4 v00000232193b6260_0;
    %flag_set/vec4 8;
    %jmp/0xz  T_9.0, 8;
    %pushi/vec4 0, 0, 4;
    %assign/vec4 v00000232193b6e40_0, 0;
    %jmp T_9.1;
T_9.0 ;
    %load/vec4 v00000232193b6300_0;
    %cmpi/e 1, 0, 1;
    %jmp/0xz  T_9.2, 4;
    %load/vec4 v00000232193b7980_0;
    %parti/s 3, 0, 2;
    %load/vec4 v00000232193b7200_0;
    %inv;
    %concat/vec4; draw_concat_vec4
    %assign/vec4 v00000232193b6e40_0, 0;
T_9.2 ;
T_9.1 ;
    %jmp T_9;
    .thread T_9;
    .scope S_00000232192e9a50;
T_10 ;
    %wait E_0000023219356ea0;
    %load/vec4 v00000232193b7e80_0;
    %flag_set/vec4 8;
    %jmp/0xz  T_10.0, 8;
    %load/vec4 v00000232193b7d40_0;
    %store/vec4 v00000232193b7a20_0, 0, 4;
    %jmp T_10.1;
T_10.0 ;
    %load/vec4 v00000232193b77a0_0;
    %store/vec4 v00000232193b7a20_0, 0, 4;
T_10.1 ;
    %jmp T_10;
    .thread T_10, $push;
    .scope S_0000023219334af0;
T_11 ;
    %wait E_0000023219357120;
    %load/vec4 v000002321934d550_0;
    %flag_set/vec4 8;
    %jmp/0xz  T_11.0, 8;
    %pushi/vec4 0, 0, 2;
    %assign/vec4 v000002321934e9f0_0, 0;
    %jmp T_11.1;
T_11.0 ;
    %load/vec4 v000002321934d4b0_0;
    %cmpi/e 1, 0, 1;
    %jmp/0xz  T_11.2, 4;
    %load/vec4 v000002321934e9f0_0;
    %addi 1, 0, 2;
    %assign/vec4 v000002321934e9f0_0, 0;
T_11.2 ;
T_11.1 ;
    %jmp T_11;
    .thread T_11;
    .scope S_00000232192ecfd0;
T_12 ;
    %wait E_00000232193576a0;
    %load/vec4 v000002321934d5f0_0;
    %load/vec4 v000002321934cfb0_0;
    %cmp/e;
    %jmp/0xz  T_12.0, 4;
    %pushi/vec4 1, 0, 1;
    %store/vec4 v000002321934e950_0, 0, 1;
    %jmp T_12.1;
T_12.0 ;
    %pushi/vec4 0, 0, 1;
    %store/vec4 v000002321934e950_0, 0, 1;
T_12.1 ;
    %jmp T_12;
    .thread T_12, $push;
    .scope S_000002321929e300;
T_13 ;
    %wait E_0000023219356d20;
    %load/vec4 v00000232193b6bc0_0;
    %flag_set/vec4 8;
    %jmp/0xz  T_13.0, 8;
    %pushi/vec4 0, 0, 5;
    %assign/vec4 v00000232193b6120_0, 0;
    %jmp T_13.1;
T_13.0 ;
    %load/vec4 v00000232193b7fc0_0;
    %flag_set/vec4 8;
    %jmp/0xz  T_13.2, 8;
    %load/vec4 v00000232193b7b60_0;
    %assign/vec4 v00000232193b6120_0, 0;
T_13.2 ;
T_13.1 ;
    %jmp T_13;
    .thread T_13;
    .scope S_000002321929e170;
T_14 ;
    %wait E_0000023219356d20;
    %load/vec4 v00000232193b6620_0;
    %flag_set/vec4 8;
    %jmp/0xz  T_14.0, 8;
    %pushi/vec4 0, 0, 4;
    %assign/vec4 v00000232193b6d00_0, 0;
    %jmp T_14.1;
T_14.0 ;
    %load/vec4 v00000232193b68a0_0;
    %flag_set/vec4 8;
    %jmp/0xz  T_14.2, 8;
    %load/vec4 v00000232193b7f20_0;
    %assign/vec4 v00000232193b6d00_0, 0;
T_14.2 ;
T_14.1 ;
    %jmp T_14;
    .thread T_14;
    .scope S_00000232192f58d0;
T_15 ;
    %wait E_0000023219356d20;
    %load/vec4 v000002321934d730_0;
    %flag_set/vec4 8;
    %jmp/0xz  T_15.0, 8;
    %pushi/vec4 0, 0, 4;
    %assign/vec4 v000002321934d2d0_0, 0;
    %jmp T_15.1;
T_15.0 ;
    %load/vec4 v000002321934d0f0_0;
    %assign/vec4 v000002321934d2d0_0, 0;
T_15.1 ;
    %jmp T_15;
    .thread T_15;
    .scope S_00000232192f58d0;
T_16 ;
    %wait E_0000023219357a60;
    %load/vec4 v000002321934d2d0_0;
    %dup/vec4;
    %pushi/vec4 0, 0, 4;
    %cmp/u;
    %jmp/1 T_16.0, 6;
    %dup/vec4;
    %pushi/vec4 1, 0, 4;
    %cmp/u;
    %jmp/1 T_16.1, 6;
    %dup/vec4;
    %pushi/vec4 2, 0, 4;
    %cmp/u;
    %jmp/1 T_16.2, 6;
    %dup/vec4;
    %pushi/vec4 3, 0, 4;
    %cmp/u;
    %jmp/1 T_16.3, 6;
    %dup/vec4;
    %pushi/vec4 4, 0, 4;
    %cmp/u;
    %jmp/1 T_16.4, 6;
    %dup/vec4;
    %pushi/vec4 5, 0, 4;
    %cmp/u;
    %jmp/1 T_16.5, 6;
    %dup/vec4;
    %pushi/vec4 6, 0, 4;
    %cmp/u;
    %jmp/1 T_16.6, 6;
    %dup/vec4;
    %pushi/vec4 7, 0, 4;
    %cmp/u;
    %jmp/1 T_16.7, 6;
    %dup/vec4;
    %pushi/vec4 8, 0, 4;
    %cmp/u;
    %jmp/1 T_16.8, 6;
    %dup/vec4;
    %pushi/vec4 9, 0, 4;
    %cmp/u;
    %jmp/1 T_16.9, 6;
    %dup/vec4;
    %pushi/vec4 10, 0, 4;
    %cmp/u;
    %jmp/1 T_16.10, 6;
    %dup/vec4;
    %pushi/vec4 11, 0, 4;
    %cmp/u;
    %jmp/1 T_16.11, 6;
    %dup/vec4;
    %pushi/vec4 12, 0, 4;
    %cmp/u;
    %jmp/1 T_16.12, 6;
    %pushi/vec4 0, 0, 4;
    %store/vec4 v000002321934d0f0_0, 0, 4;
    %jmp T_16.14;
T_16.0 ;
    %load/vec4 v000002321934e770_0;
    %cmpi/e 1, 0, 1;
    %flag_mov 8, 4;
    %jmp/0 T_16.15, 8;
    %pushi/vec4 1, 0, 4;
    %jmp/1 T_16.16, 8;
T_16.15 ; End of true expr.
    %pushi/vec4 0, 0, 4;
    %jmp/0 T_16.16, 8;
 ; End of false expr.
    %blend;
T_16.16;
    %store/vec4 v000002321934d0f0_0, 0, 4;
    %jmp T_16.14;
T_16.1 ;
    %pushi/vec4 2, 0, 4;
    %store/vec4 v000002321934d0f0_0, 0, 4;
    %jmp T_16.14;
T_16.2 ;
    %pushi/vec4 3, 0, 4;
    %store/vec4 v000002321934d0f0_0, 0, 4;
    %jmp T_16.14;
T_16.3 ;
    %pushi/vec4 4, 0, 4;
    %store/vec4 v000002321934d0f0_0, 0, 4;
    %jmp T_16.14;
T_16.4 ;
    %pushi/vec4 5, 0, 4;
    %store/vec4 v000002321934d0f0_0, 0, 4;
    %jmp T_16.14;
T_16.5 ;
    %pushi/vec4 6, 0, 4;
    %store/vec4 v000002321934d0f0_0, 0, 4;
    %jmp T_16.14;
T_16.6 ;
    %pushi/vec4 7, 0, 4;
    %store/vec4 v000002321934d0f0_0, 0, 4;
    %jmp T_16.14;
T_16.7 ;
    %pushi/vec4 8, 0, 4;
    %store/vec4 v000002321934d0f0_0, 0, 4;
    %jmp T_16.14;
T_16.8 ;
    %load/vec4 v000002321934dd70_0;
    %cmpi/e 1, 0, 1;
    %flag_mov 8, 4;
    %jmp/0 T_16.17, 8;
    %pushi/vec4 9, 0, 4;
    %jmp/1 T_16.18, 8;
T_16.17 ; End of true expr.
    %pushi/vec4 10, 0, 4;
    %jmp/0 T_16.18, 8;
 ; End of false expr.
    %blend;
T_16.18;
    %store/vec4 v000002321934d0f0_0, 0, 4;
    %jmp T_16.14;
T_16.9 ;
    %pushi/vec4 10, 0, 4;
    %store/vec4 v000002321934d0f0_0, 0, 4;
    %jmp T_16.14;
T_16.10 ;
    %load/vec4 v000002321934cf10_0;
    %cmpi/e 1, 0, 1;
    %flag_mov 8, 4;
    %jmp/0 T_16.19, 8;
    %pushi/vec4 12, 0, 4;
    %jmp/1 T_16.20, 8;
T_16.19 ; End of true expr.
    %pushi/vec4 11, 0, 4;
    %jmp/0 T_16.20, 8;
 ; End of false expr.
    %blend;
T_16.20;
    %store/vec4 v000002321934d0f0_0, 0, 4;
    %jmp T_16.14;
T_16.11 ;
    %pushi/vec4 2, 0, 4;
    %store/vec4 v000002321934d0f0_0, 0, 4;
    %jmp T_16.14;
T_16.12 ;
    %pushi/vec4 0, 0, 4;
    %store/vec4 v000002321934d0f0_0, 0, 4;
    %jmp T_16.14;
T_16.14 ;
    %pop/vec4 1;
    %jmp T_16;
    .thread T_16, $push;
    .scope S_00000232192f58d0;
T_17 ;
    %wait E_0000023219357a20;
    %load/vec4 v000002321934d2d0_0;
    %dup/vec4;
    %pushi/vec4 0, 0, 4;
    %cmp/u;
    %jmp/1 T_17.0, 6;
    %dup/vec4;
    %pushi/vec4 1, 0, 4;
    %cmp/u;
    %jmp/1 T_17.1, 6;
    %dup/vec4;
    %pushi/vec4 2, 0, 4;
    %cmp/u;
    %jmp/1 T_17.2, 6;
    %dup/vec4;
    %pushi/vec4 3, 0, 4;
    %cmp/u;
    %jmp/1 T_17.3, 6;
    %dup/vec4;
    %pushi/vec4 4, 0, 4;
    %cmp/u;
    %jmp/1 T_17.4, 6;
    %dup/vec4;
    %pushi/vec4 5, 0, 4;
    %cmp/u;
    %jmp/1 T_17.5, 6;
    %dup/vec4;
    %pushi/vec4 6, 0, 4;
    %cmp/u;
    %jmp/1 T_17.6, 6;
    %dup/vec4;
    %pushi/vec4 7, 0, 4;
    %cmp/u;
    %jmp/1 T_17.7, 6;
    %dup/vec4;
    %pushi/vec4 8, 0, 4;
    %cmp/u;
    %jmp/1 T_17.8, 6;
    %dup/vec4;
    %pushi/vec4 9, 0, 4;
    %cmp/u;
    %jmp/1 T_17.9, 6;
    %dup/vec4;
    %pushi/vec4 10, 0, 4;
    %cmp/u;
    %jmp/1 T_17.10, 6;
    %dup/vec4;
    %pushi/vec4 12, 0, 4;
    %cmp/u;
    %jmp/1 T_17.11, 6;
    %pushi/vec4 0, 0, 1;
    %store/vec4 v000002321934e310_0, 0, 1;
    %pushi/vec4 0, 0, 1;
    %store/vec4 v000002321934ec70_0, 0, 1;
    %pushi/vec4 0, 0, 1;
    %store/vec4 v000002321934d230_0, 0, 1;
    %pushi/vec4 0, 0, 1;
    %store/vec4 v000002321934e3b0_0, 0, 1;
    %pushi/vec4 0, 0, 1;
    %store/vec4 v000002321934de10_0, 0, 1;
    %pushi/vec4 0, 0, 1;
    %store/vec4 v000002321934dff0_0, 0, 1;
    %pushi/vec4 0, 0, 1;
    %store/vec4 v000002321934ed10_0, 0, 1;
    %pushi/vec4 0, 0, 1;
    %store/vec4 v000002321934edb0_0, 0, 1;
    %pushi/vec4 0, 0, 1;
    %store/vec4 v000002321934ea90_0, 0, 1;
    %pushi/vec4 0, 0, 1;
    %store/vec4 v000002321934daf0_0, 0, 1;
    %pushi/vec4 0, 0, 1;
    %store/vec4 v000002321934d370_0, 0, 1;
    %jmp T_17.13;
T_17.0 ;
    %pushi/vec4 0, 0, 1;
    %store/vec4 v000002321934e310_0, 0, 1;
    %pushi/vec4 0, 0, 1;
    %store/vec4 v000002321934ec70_0, 0, 1;
    %pushi/vec4 0, 0, 1;
    %store/vec4 v000002321934d230_0, 0, 1;
    %pushi/vec4 0, 0, 1;
    %store/vec4 v000002321934e3b0_0, 0, 1;
    %pushi/vec4 0, 0, 1;
    %store/vec4 v000002321934de10_0, 0, 1;
    %pushi/vec4 0, 0, 1;
    %store/vec4 v000002321934dff0_0, 0, 1;
    %pushi/vec4 0, 0, 1;
    %store/vec4 v000002321934ed10_0, 0, 1;
    %pushi/vec4 0, 0, 1;
    %store/vec4 v000002321934edb0_0, 0, 1;
    %pushi/vec4 0, 0, 1;
    %store/vec4 v000002321934ea90_0, 0, 1;
    %pushi/vec4 0, 0, 1;
    %store/vec4 v000002321934daf0_0, 0, 1;
    %pushi/vec4 0, 0, 1;
    %store/vec4 v000002321934d370_0, 0, 1;
    %jmp T_17.13;
T_17.1 ;
    %pushi/vec4 1, 0, 1;
    %store/vec4 v000002321934e310_0, 0, 1;
    %pushi/vec4 1, 0, 1;
    %store/vec4 v000002321934ec70_0, 0, 1;
    %pushi/vec4 1, 0, 1;
    %store/vec4 v000002321934d230_0, 0, 1;
    %pushi/vec4 1, 0, 1;
    %store/vec4 v000002321934e3b0_0, 0, 1;
    %pushi/vec4 0, 0, 1;
    %store/vec4 v000002321934de10_0, 0, 1;
    %pushi/vec4 0, 0, 1;
    %store/vec4 v000002321934dff0_0, 0, 1;
    %pushi/vec4 0, 0, 1;
    %store/vec4 v000002321934ed10_0, 0, 1;
    %pushi/vec4 0, 0, 1;
    %store/vec4 v000002321934edb0_0, 0, 1;
    %pushi/vec4 0, 0, 1;
    %store/vec4 v000002321934ea90_0, 0, 1;
    %pushi/vec4 0, 0, 1;
    %store/vec4 v000002321934daf0_0, 0, 1;
    %pushi/vec4 0, 0, 1;
    %store/vec4 v000002321934d370_0, 0, 1;
    %jmp T_17.13;
T_17.2 ;
    %pushi/vec4 0, 0, 1;
    %store/vec4 v000002321934e310_0, 0, 1;
    %pushi/vec4 0, 0, 1;
    %store/vec4 v000002321934ec70_0, 0, 1;
    %pushi/vec4 0, 0, 1;
    %store/vec4 v000002321934d230_0, 0, 1;
    %pushi/vec4 0, 0, 1;
    %store/vec4 v000002321934e3b0_0, 0, 1;
    %pushi/vec4 1, 0, 1;
    %store/vec4 v000002321934de10_0, 0, 1;
    %pushi/vec4 0, 0, 1;
    %store/vec4 v000002321934dff0_0, 0, 1;
    %pushi/vec4 0, 0, 1;
    %store/vec4 v000002321934ed10_0, 0, 1;
    %pushi/vec4 0, 0, 1;
    %store/vec4 v000002321934edb0_0, 0, 1;
    %pushi/vec4 0, 0, 1;
    %store/vec4 v000002321934ea90_0, 0, 1;
    %pushi/vec4 0, 0, 1;
    %store/vec4 v000002321934daf0_0, 0, 1;
    %pushi/vec4 0, 0, 1;
    %store/vec4 v000002321934d370_0, 0, 1;
    %jmp T_17.13;
T_17.3 ;
    %pushi/vec4 0, 0, 1;
    %store/vec4 v000002321934e310_0, 0, 1;
    %pushi/vec4 0, 0, 1;
    %store/vec4 v000002321934ec70_0, 0, 1;
    %pushi/vec4 0, 0, 1;
    %store/vec4 v000002321934d230_0, 0, 1;
    %pushi/vec4 0, 0, 1;
    %store/vec4 v000002321934e3b0_0, 0, 1;
    %pushi/vec4 0, 0, 1;
    %store/vec4 v000002321934de10_0, 0, 1;
    %pushi/vec4 0, 0, 1;
    %store/vec4 v000002321934dff0_0, 0, 1;
    %pushi/vec4 0, 0, 1;
    %store/vec4 v000002321934ed10_0, 0, 1;
    %pushi/vec4 0, 0, 1;
    %store/vec4 v000002321934edb0_0, 0, 1;
    %pushi/vec4 0, 0, 1;
    %store/vec4 v000002321934ea90_0, 0, 1;
    %pushi/vec4 0, 0, 1;
    %store/vec4 v000002321934daf0_0, 0, 1;
    %pushi/vec4 0, 0, 1;
    %store/vec4 v000002321934d370_0, 0, 1;
    %jmp T_17.13;
T_17.4 ;
    %pushi/vec4 0, 0, 1;
    %store/vec4 v000002321934e310_0, 0, 1;
    %pushi/vec4 0, 0, 1;
    %store/vec4 v000002321934ec70_0, 0, 1;
    %pushi/vec4 0, 0, 1;
    %store/vec4 v000002321934d230_0, 0, 1;
    %pushi/vec4 0, 0, 1;
    %store/vec4 v000002321934e3b0_0, 0, 1;
    %pushi/vec4 0, 0, 1;
    %store/vec4 v000002321934de10_0, 0, 1;
    %pushi/vec4 0, 0, 1;
    %store/vec4 v000002321934dff0_0, 0, 1;
    %pushi/vec4 0, 0, 1;
    %store/vec4 v000002321934ed10_0, 0, 1;
    %pushi/vec4 0, 0, 1;
    %store/vec4 v000002321934edb0_0, 0, 1;
    %pushi/vec4 0, 0, 1;
    %store/vec4 v000002321934ea90_0, 0, 1;
    %pushi/vec4 0, 0, 1;
    %store/vec4 v000002321934daf0_0, 0, 1;
    %pushi/vec4 0, 0, 1;
    %store/vec4 v000002321934d370_0, 0, 1;
    %jmp T_17.13;
T_17.5 ;
    %pushi/vec4 0, 0, 1;
    %store/vec4 v000002321934e310_0, 0, 1;
    %pushi/vec4 0, 0, 1;
    %store/vec4 v000002321934ec70_0, 0, 1;
    %pushi/vec4 0, 0, 1;
    %store/vec4 v000002321934d230_0, 0, 1;
    %pushi/vec4 0, 0, 1;
    %store/vec4 v000002321934e3b0_0, 0, 1;
    %pushi/vec4 0, 0, 1;
    %store/vec4 v000002321934de10_0, 0, 1;
    %pushi/vec4 0, 0, 1;
    %store/vec4 v000002321934dff0_0, 0, 1;
    %pushi/vec4 0, 0, 1;
    %store/vec4 v000002321934ed10_0, 0, 1;
    %pushi/vec4 1, 0, 1;
    %store/vec4 v000002321934edb0_0, 0, 1;
    %pushi/vec4 0, 0, 1;
    %store/vec4 v000002321934ea90_0, 0, 1;
    %pushi/vec4 0, 0, 1;
    %store/vec4 v000002321934daf0_0, 0, 1;
    %pushi/vec4 0, 0, 1;
    %store/vec4 v000002321934d370_0, 0, 1;
    %jmp T_17.13;
T_17.6 ;
    %pushi/vec4 0, 0, 1;
    %store/vec4 v000002321934e310_0, 0, 1;
    %pushi/vec4 0, 0, 1;
    %store/vec4 v000002321934ec70_0, 0, 1;
    %pushi/vec4 1, 0, 1;
    %store/vec4 v000002321934d230_0, 0, 1;
    %pushi/vec4 1, 0, 1;
    %store/vec4 v000002321934e3b0_0, 0, 1;
    %pushi/vec4 0, 0, 1;
    %store/vec4 v000002321934de10_0, 0, 1;
    %pushi/vec4 0, 0, 1;
    %store/vec4 v000002321934dff0_0, 0, 1;
    %pushi/vec4 0, 0, 1;
    %store/vec4 v000002321934ed10_0, 0, 1;
    %pushi/vec4 0, 0, 1;
    %store/vec4 v000002321934edb0_0, 0, 1;
    %pushi/vec4 0, 0, 1;
    %store/vec4 v000002321934ea90_0, 0, 1;
    %pushi/vec4 0, 0, 1;
    %store/vec4 v000002321934daf0_0, 0, 1;
    %pushi/vec4 0, 0, 1;
    %store/vec4 v000002321934d370_0, 0, 1;
    %jmp T_17.13;
T_17.7 ;
    %pushi/vec4 0, 0, 1;
    %store/vec4 v000002321934e310_0, 0, 1;
    %pushi/vec4 0, 0, 1;
    %store/vec4 v000002321934ec70_0, 0, 1;
    %pushi/vec4 0, 0, 1;
    %store/vec4 v000002321934d230_0, 0, 1;
    %pushi/vec4 0, 0, 1;
    %store/vec4 v000002321934e3b0_0, 0, 1;
    %pushi/vec4 0, 0, 1;
    %store/vec4 v000002321934de10_0, 0, 1;
    %pushi/vec4 0, 0, 1;
    %store/vec4 v000002321934dff0_0, 0, 1;
    %pushi/vec4 0, 0, 1;
    %store/vec4 v000002321934ed10_0, 0, 1;
    %pushi/vec4 0, 0, 1;
    %store/vec4 v000002321934edb0_0, 0, 1;
    %pushi/vec4 0, 0, 1;
    %store/vec4 v000002321934ea90_0, 0, 1;
    %pushi/vec4 0, 0, 1;
    %store/vec4 v000002321934daf0_0, 0, 1;
    %pushi/vec4 0, 0, 1;
    %store/vec4 v000002321934d370_0, 0, 1;
    %jmp T_17.13;
T_17.8 ;
    %pushi/vec4 0, 0, 1;
    %store/vec4 v000002321934e310_0, 0, 1;
    %pushi/vec4 0, 0, 1;
    %store/vec4 v000002321934ec70_0, 0, 1;
    %pushi/vec4 0, 0, 1;
    %store/vec4 v000002321934d230_0, 0, 1;
    %pushi/vec4 0, 0, 1;
    %store/vec4 v000002321934e3b0_0, 0, 1;
    %pushi/vec4 0, 0, 1;
    %store/vec4 v000002321934de10_0, 0, 1;
    %pushi/vec4 0, 0, 1;
    %store/vec4 v000002321934dff0_0, 0, 1;
    %pushi/vec4 0, 0, 1;
    %store/vec4 v000002321934ed10_0, 0, 1;
    %pushi/vec4 0, 0, 1;
    %store/vec4 v000002321934edb0_0, 0, 1;
    %pushi/vec4 0, 0, 1;
    %store/vec4 v000002321934ea90_0, 0, 1;
    %pushi/vec4 0, 0, 1;
    %store/vec4 v000002321934daf0_0, 0, 1;
    %pushi/vec4 0, 0, 1;
    %store/vec4 v000002321934d370_0, 0, 1;
    %jmp T_17.13;
T_17.9 ;
    %pushi/vec4 0, 0, 1;
    %store/vec4 v000002321934e310_0, 0, 1;
    %pushi/vec4 0, 0, 1;
    %store/vec4 v000002321934ec70_0, 0, 1;
    %pushi/vec4 0, 0, 1;
    %store/vec4 v000002321934d230_0, 0, 1;
    %pushi/vec4 0, 0, 1;
    %store/vec4 v000002321934e3b0_0, 0, 1;
    %pushi/vec4 0, 0, 1;
    %store/vec4 v000002321934de10_0, 0, 1;
    %pushi/vec4 1, 0, 1;
    %store/vec4 v000002321934dff0_0, 0, 1;
    %pushi/vec4 1, 0, 1;
    %store/vec4 v000002321934ed10_0, 0, 1;
    %pushi/vec4 0, 0, 1;
    %store/vec4 v000002321934edb0_0, 0, 1;
    %pushi/vec4 0, 0, 1;
    %store/vec4 v000002321934ea90_0, 0, 1;
    %pushi/vec4 0, 0, 1;
    %store/vec4 v000002321934daf0_0, 0, 1;
    %pushi/vec4 0, 0, 1;
    %store/vec4 v000002321934d370_0, 0, 1;
    %jmp T_17.13;
T_17.10 ;
    %pushi/vec4 0, 0, 1;
    %store/vec4 v000002321934e310_0, 0, 1;
    %pushi/vec4 0, 0, 1;
    %store/vec4 v000002321934ec70_0, 0, 1;
    %pushi/vec4 1, 0, 1;
    %store/vec4 v000002321934d230_0, 0, 1;
    %pushi/vec4 1, 0, 1;
    %store/vec4 v000002321934e3b0_0, 0, 1;
    %pushi/vec4 0, 0, 1;
    %store/vec4 v000002321934de10_0, 0, 1;
    %pushi/vec4 0, 0, 1;
    %store/vec4 v000002321934edb0_0, 0, 1;
    %pushi/vec4 1, 0, 1;
    %store/vec4 v000002321934ea90_0, 0, 1;
    %pushi/vec4 0, 0, 1;
    %store/vec4 v000002321934daf0_0, 0, 1;
    %pushi/vec4 0, 0, 1;
    %store/vec4 v000002321934d370_0, 0, 1;
    %jmp T_17.13;
T_17.11 ;
    %pushi/vec4 0, 0, 1;
    %store/vec4 v000002321934e310_0, 0, 1;
    %pushi/vec4 0, 0, 1;
    %store/vec4 v000002321934ec70_0, 0, 1;
    %pushi/vec4 0, 0, 1;
    %store/vec4 v000002321934d230_0, 0, 1;
    %pushi/vec4 0, 0, 1;
    %store/vec4 v000002321934e3b0_0, 0, 1;
    %pushi/vec4 0, 0, 1;
    %store/vec4 v000002321934de10_0, 0, 1;
    %pushi/vec4 0, 0, 1;
    %store/vec4 v000002321934edb0_0, 0, 1;
    %pushi/vec4 0, 0, 1;
    %store/vec4 v000002321934ea90_0, 0, 1;
    %pushi/vec4 1, 0, 1;
    %store/vec4 v000002321934daf0_0, 0, 1;
    %pushi/vec4 1, 0, 1;
    %store/vec4 v000002321934d370_0, 0, 1;
    %jmp T_17.13;
T_17.13 ;
    %pop/vec4 1;
    %jmp T_17;
    .thread T_17, $push;
    .scope S_00000232193ba910;
T_18 ;
    %wait E_0000023219357120;
    %pushi/vec4 14, 0, 4;
    %assign/vec4 v00000232193bc2d0_0, 0;
    %jmp T_18;
    .thread T_18;
    .scope S_00000232193ba910;
T_19 ;
    %wait E_00000232193586e0;
    %load/vec4 v00000232193bbf10_0;
    %dup/vec4;
    %pushi/vec4 0, 0, 4;
    %cmp/u;
    %jmp/1 T_19.0, 6;
    %dup/vec4;
    %pushi/vec4 1, 0, 4;
    %cmp/u;
    %jmp/1 T_19.1, 6;
    %dup/vec4;
    %pushi/vec4 2, 0, 4;
    %cmp/u;
    %jmp/1 T_19.2, 6;
    %dup/vec4;
    %pushi/vec4 3, 0, 4;
    %cmp/u;
    %jmp/1 T_19.3, 6;
    %dup/vec4;
    %pushi/vec4 4, 0, 4;
    %cmp/u;
    %jmp/1 T_19.4, 6;
    %dup/vec4;
    %pushi/vec4 5, 0, 4;
    %cmp/u;
    %jmp/1 T_19.5, 6;
    %dup/vec4;
    %pushi/vec4 6, 0, 4;
    %cmp/u;
    %jmp/1 T_19.6, 6;
    %dup/vec4;
    %pushi/vec4 7, 0, 4;
    %cmp/u;
    %jmp/1 T_19.7, 6;
    %dup/vec4;
    %pushi/vec4 8, 0, 4;
    %cmp/u;
    %jmp/1 T_19.8, 6;
    %dup/vec4;
    %pushi/vec4 9, 0, 4;
    %cmp/u;
    %jmp/1 T_19.9, 6;
    %dup/vec4;
    %pushi/vec4 10, 0, 4;
    %cmp/u;
    %jmp/1 T_19.10, 6;
    %dup/vec4;
    %pushi/vec4 11, 0, 4;
    %cmp/u;
    %jmp/1 T_19.11, 6;
    %dup/vec4;
    %pushi/vec4 12, 0, 4;
    %cmp/u;
    %jmp/1 T_19.12, 6;
    %dup/vec4;
    %pushi/vec4 13, 0, 4;
    %cmp/u;
    %jmp/1 T_19.13, 6;
    %dup/vec4;
    %pushi/vec4 14, 0, 4;
    %cmp/u;
    %jmp/1 T_19.14, 6;
    %dup/vec4;
    %pushi/vec4 15, 0, 4;
    %cmp/u;
    %jmp/1 T_19.15, 6;
    %pushi/vec4 0, 0, 7;
    %store/vec4 v00000232193bbab0_0, 0, 7;
    %jmp T_19.17;
T_19.0 ;
    %pushi/vec4 1, 0, 7;
    %store/vec4 v00000232193bbab0_0, 0, 7;
    %jmp T_19.17;
T_19.1 ;
    %pushi/vec4 79, 0, 7;
    %store/vec4 v00000232193bbab0_0, 0, 7;
    %jmp T_19.17;
T_19.2 ;
    %pushi/vec4 18, 0, 7;
    %store/vec4 v00000232193bbab0_0, 0, 7;
    %jmp T_19.17;
T_19.3 ;
    %pushi/vec4 6, 0, 7;
    %store/vec4 v00000232193bbab0_0, 0, 7;
    %jmp T_19.17;
T_19.4 ;
    %pushi/vec4 76, 0, 7;
    %store/vec4 v00000232193bbab0_0, 0, 7;
    %jmp T_19.17;
T_19.5 ;
    %pushi/vec4 36, 0, 7;
    %store/vec4 v00000232193bbab0_0, 0, 7;
    %jmp T_19.17;
T_19.6 ;
    %pushi/vec4 32, 0, 7;
    %store/vec4 v00000232193bbab0_0, 0, 7;
    %jmp T_19.17;
T_19.7 ;
    %pushi/vec4 15, 0, 7;
    %store/vec4 v00000232193bbab0_0, 0, 7;
    %jmp T_19.17;
T_19.8 ;
    %pushi/vec4 0, 0, 7;
    %store/vec4 v00000232193bbab0_0, 0, 7;
    %jmp T_19.17;
T_19.9 ;
    %pushi/vec4 12, 0, 7;
    %store/vec4 v00000232193bbab0_0, 0, 7;
    %jmp T_19.17;
T_19.10 ;
    %pushi/vec4 8, 0, 7;
    %store/vec4 v00000232193bbab0_0, 0, 7;
    %jmp T_19.17;
T_19.11 ;
    %pushi/vec4 96, 0, 7;
    %store/vec4 v00000232193bbab0_0, 0, 7;
    %jmp T_19.17;
T_19.12 ;
    %pushi/vec4 49, 0, 7;
    %store/vec4 v00000232193bbab0_0, 0, 7;
    %jmp T_19.17;
T_19.13 ;
    %pushi/vec4 66, 0, 7;
    %store/vec4 v00000232193bbab0_0, 0, 7;
    %jmp T_19.17;
T_19.14 ;
    %pushi/vec4 16, 0, 7;
    %store/vec4 v00000232193bbab0_0, 0, 7;
    %jmp T_19.17;
T_19.15 ;
    %pushi/vec4 56, 0, 7;
    %store/vec4 v00000232193bbab0_0, 0, 7;
    %jmp T_19.17;
T_19.17 ;
    %pop/vec4 1;
    %jmp T_19;
    .thread T_19, $push;
# The file index is used to find the file name in the following table.
:file_names 17;
    "N/A";
    "<interactive>";
    "restoring_division_topmodule.v";
    "./restoring_division_controlpath.v";
    "./restoring_division_datapath.v";
    "./register_a.v";
    "./register_q.v";
    "./adder.v";
    "./comparator.v";
    "./comparator_1bit.v";
    "./counter.v";
    "./mux_2x1.v";
    "./mux_2x1_16bit.v";
    "./shift_register_a.v";
    "./shift_register_q.v";
    "./subtractor.v";
    "./lcd_module.v";
