#! /c/Source/iverilog-install/bin/vvp
:ivl_version "12.0 (devel)" "(s20150603-1539-g2693dd32b)";
:ivl_delay_selection "TYPICAL";
:vpi_time_precision - 12;
:vpi_module "C:\iverilog\lib\ivl\system.vpi";
:vpi_module "C:\iverilog\lib\ivl\vhdl_sys.vpi";
:vpi_module "C:\iverilog\lib\ivl\vhdl_textio.vpi";
:vpi_module "C:\iverilog\lib\ivl\v2005_math.vpi";
:vpi_module "C:\iverilog\lib\ivl\va_math.vpi";
S_0000027299e55810 .scope module, "restoring_division_datapath" "restoring_division_datapath" 2 16;
 .timescale -9 -12;
    .port_info 0 /INPUT 1 "clk";
    .port_info 1 /INPUT 1 "rst";
    .port_info 2 /INPUT 4 "dividend";
    .port_info 3 /INPUT 4 "divisor";
    .port_info 4 /INPUT 1 "select_A";
    .port_info 5 /INPUT 1 "select_Q";
    .port_info 6 /INPUT 1 "ld_A";
    .port_info 7 /INPUT 1 "ld_Q";
    .port_info 8 /INPUT 1 "shift_left_enable_a";
    .port_info 9 /INPUT 1 "select_add";
    .port_info 10 /INPUT 1 "select_mux_2";
    .port_info 11 /INPUT 1 "shift_left_enable_q";
    .port_info 12 /INPUT 1 "count_enable";
    .port_info 13 /INPUT 1 "ld_rem_quotient";
    .port_info 14 /OUTPUT 1 "negative_flag";
    .port_info 15 /OUTPUT 4 "quotient";
    .port_info 16 /OUTPUT 5 "remainder";
    .port_info 17 /OUTPUT 2 "count";
    .port_info 18 /OUTPUT 1 "status";
v0000027299ecd690_0 .net "A", 4 0, v0000027299e71440_0;  1 drivers
v0000027299ecd410_0 .net "Q", 3 0, v0000027299eca0d0_0;  1 drivers
L_0000027299f10160 .functor BUFT 1, C4<0>, C4<0>, C4<0>, C4<0>;
v0000027299ece270_0 .net/2u *"_ivl_10", 0 0, L_0000027299f10160;  1 drivers
L_0000027299f10118 .functor BUFT 1, C4<0>, C4<0>, C4<0>, C4<0>;
v0000027299ece810_0 .net/2u *"_ivl_6", 0 0, L_0000027299f10118;  1 drivers
v0000027299ece310_0 .net "adder_out", 4 0, v0000027299eca8f0_0;  1 drivers
o0000027299e77ff8 .functor BUFZ 1, C4<z>; HiZ drive
v0000027299ecd7d0_0 .net "clk", 0 0, o0000027299e77ff8;  0 drivers
v0000027299ece3b0_0 .net "count", 1 0, v0000027299eca030_0;  1 drivers
o0000027299e786b8 .functor BUFZ 1, C4<z>; HiZ drive
v0000027299ecca10_0 .net "count_enable", 0 0, o0000027299e786b8;  0 drivers
o0000027299e78a18 .functor BUFZ 4, C4<zzzz>; HiZ drive
v0000027299ecdaf0_0 .net "dividend", 3 0, o0000027299e78a18;  0 drivers
o0000027299e792e8 .functor BUFZ 4, C4<zzzz>; HiZ drive
v0000027299ecce70_0 .net "divisor", 3 0, o0000027299e792e8;  0 drivers
o0000027299e78058 .functor BUFZ 1, C4<z>; HiZ drive
v0000027299ecd870_0 .net "ld_A", 0 0, o0000027299e78058;  0 drivers
o0000027299e78208 .functor BUFZ 1, C4<z>; HiZ drive
v0000027299ecd910_0 .net "ld_Q", 0 0, o0000027299e78208;  0 drivers
o0000027299e78c88 .functor BUFZ 1, C4<z>; HiZ drive
v0000027299ecd4b0_0 .net "ld_rem_quotient", 0 0, o0000027299e78c88;  0 drivers
v0000027299ecd230_0 .net "mux_out_1", 4 0, v0000027299ec9c70_0;  1 drivers
v0000027299ecd0f0_0 .net "mux_out_2", 4 0, v0000027299eca5d0_0;  1 drivers
v0000027299ecda50_0 .net "mux_out_3", 3 0, v0000027299ec99f0_0;  1 drivers
v0000027299ecdb90_0 .net "mux_out_4", 4 0, v0000027299ec9d10_0;  1 drivers
v0000027299ece450_0 .net "negative_flag", 0 0, v0000027299ecb610_0;  1 drivers
v0000027299ecdff0_0 .net "quotient", 3 0, v0000027299ec9950_0;  1 drivers
v0000027299ecdc30_0 .net "remainder", 4 0, v0000027299ecaad0_0;  1 drivers
o0000027299e780b8 .functor BUFZ 1, C4<z>; HiZ drive
v0000027299ece590_0 .net "rst", 0 0, o0000027299e780b8;  0 drivers
o0000027299e78808 .functor BUFZ 1, C4<z>; HiZ drive
v0000027299ecd370_0 .net "select_A", 0 0, o0000027299e78808;  0 drivers
o0000027299e78a78 .functor BUFZ 1, C4<z>; HiZ drive
v0000027299eccf10_0 .net "select_Q", 0 0, o0000027299e78a78;  0 drivers
o0000027299e78b98 .functor BUFZ 1, C4<z>; HiZ drive
v0000027299ece6d0_0 .net "select_add", 0 0, o0000027299e78b98;  0 drivers
o0000027299e78928 .functor BUFZ 1, C4<z>; HiZ drive
v0000027299ecde10_0 .net "select_mux_2", 0 0, o0000027299e78928;  0 drivers
o0000027299e78ef8 .functor BUFZ 1, C4<z>; HiZ drive
v0000027299ecdf50_0 .net "shift_left_enable_a", 0 0, o0000027299e78ef8;  0 drivers
o0000027299e79078 .functor BUFZ 1, C4<z>; HiZ drive
v0000027299ece090_0 .net "shift_left_enable_q", 0 0, o0000027299e79078;  0 drivers
v0000027299ece130_0 .net "shift_register_out_a", 4 0, v0000027299ecb110_0;  1 drivers
v0000027299ecdcd0_0 .net "shift_register_out_q", 3 0, v0000027299eccd30_0;  1 drivers
v0000027299ecd550_0 .net "status", 0 0, v0000027299eca710_0;  1 drivers
v0000027299ece630_0 .net "subtractor_out", 4 0, v0000027299ecd5f0_0;  1 drivers
L_0000027299eccab0 .part v0000027299e71440_0, 4, 1;
L_0000027299eccbf0 .concat [ 4 1 0 0], o0000027299e792e8, L_0000027299f10118;
L_0000027299eccb50 .concat [ 4 1 0 0], o0000027299e792e8, L_0000027299f10160;
L_0000027299ecdd70 .part v0000027299eca5d0_0, 4, 1;
S_0000027299e559a0 .scope module, "A_reg" "register_a" 2 66, 3 2 0, S_0000027299e55810;
 .timescale -9 -12;
    .port_info 0 /INPUT 1 "rst";
    .port_info 1 /INPUT 1 "clk";
    .port_info 2 /INPUT 1 "ld_register";
    .port_info 3 /INPUT 5 "input_data";
    .port_info 4 /OUTPUT 5 "output_data";
v0000027299e71c60_0 .net "clk", 0 0, o0000027299e77ff8;  alias, 0 drivers
v0000027299e71260_0 .net "input_data", 4 0, v0000027299ec9c70_0;  alias, 1 drivers
v0000027299e713a0_0 .net "ld_register", 0 0, o0000027299e78058;  alias, 0 drivers
v0000027299e71440_0 .var "output_data", 4 0;
v0000027299e714e0_0 .net "rst", 0 0, o0000027299e780b8;  alias, 0 drivers
E_0000027299e73580 .event posedge, v0000027299e714e0_0, v0000027299e71c60_0;
S_0000027299e4cd80 .scope module, "Q_reg" "register_q" 2 75, 4 2 0, S_0000027299e55810;
 .timescale -9 -12;
    .port_info 0 /INPUT 1 "rst";
    .port_info 1 /INPUT 1 "clk";
    .port_info 2 /INPUT 1 "ld_register";
    .port_info 3 /INPUT 4 "input_data";
    .port_info 4 /OUTPUT 4 "output_data";
v0000027299e716c0_0 .net "clk", 0 0, o0000027299e77ff8;  alias, 0 drivers
v0000027299eca210_0 .net "input_data", 3 0, v0000027299ec99f0_0;  alias, 1 drivers
v0000027299ecb250_0 .net "ld_register", 0 0, o0000027299e78208;  alias, 0 drivers
v0000027299eca0d0_0 .var "output_data", 3 0;
v0000027299eca2b0_0 .net "rst", 0 0, o0000027299e780b8;  alias, 0 drivers
S_0000027299e4cf10 .scope module, "adder1" "adder" 2 108, 5 2 0, S_0000027299e55810;
 .timescale -9 -12;
    .port_info 0 /INPUT 5 "A";
    .port_info 1 /INPUT 5 "B";
    .port_info 2 /OUTPUT 5 "sum";
v0000027299eca530_0 .net "A", 4 0, v0000027299ec9d10_0;  alias, 1 drivers
v0000027299ecb2f0_0 .net "B", 4 0, L_0000027299eccbf0;  1 drivers
v0000027299eca8f0_0 .var "sum", 4 0;
E_0000027299e73c80 .event anyedge, v0000027299ecb2f0_0, v0000027299eca530_0;
S_0000027299e61290 .scope module, "cmp" "comparator" 2 156, 6 2 0, S_0000027299e55810;
 .timescale -9 -12;
    .port_info 0 /INPUT 2 "A";
    .port_info 1 /INPUT 2 "B";
    .port_info 2 /OUTPUT 1 "equal";
v0000027299ecadf0_0 .net "A", 1 0, v0000027299eca030_0;  alias, 1 drivers
L_0000027299f101a8 .functor BUFT 1, C4<11>, C4<0>, C4<0>, C4<0>;
v0000027299ecb390_0 .net "B", 1 0, L_0000027299f101a8;  1 drivers
v0000027299eca710_0 .var "equal", 0 0;
E_0000027299e73a80 .event anyedge, v0000027299ecb390_0, v0000027299ecadf0_0;
S_0000027299e61420 .scope module, "cmp1" "comparator_1bit" 2 93, 7 2 0, S_0000027299e55810;
 .timescale -9 -12;
    .port_info 0 /INPUT 1 "A";
    .port_info 1 /INPUT 1 "B";
    .port_info 2 /OUTPUT 1 "equal";
v0000027299ecb1b0_0 .net "A", 0 0, L_0000027299eccab0;  1 drivers
L_0000027299f100d0 .functor BUFT 1, C4<1>, C4<0>, C4<0>, C4<0>;
v0000027299eca670_0 .net "B", 0 0, L_0000027299f100d0;  1 drivers
v0000027299ecb610_0 .var "equal", 0 0;
E_0000027299e734c0 .event anyedge, v0000027299eca670_0, v0000027299ecb1b0_0;
S_0000027299e49990 .scope module, "incrementer" "counter" 2 148, 8 2 0, S_0000027299e55810;
 .timescale -9 -12;
    .port_info 0 /INPUT 1 "clk";
    .port_info 1 /INPUT 1 "rst";
    .port_info 2 /INPUT 1 "count_enable";
    .port_info 3 /OUTPUT 2 "count";
v0000027299ec9bd0_0 .net "clk", 0 0, o0000027299e77ff8;  alias, 0 drivers
v0000027299eca030_0 .var "count", 1 0;
v0000027299ec9a90_0 .net "count_enable", 0 0, o0000027299e786b8;  alias, 0 drivers
v0000027299ecb570_0 .net "rst", 0 0, o0000027299e780b8;  alias, 0 drivers
E_0000027299e73d40 .event posedge, v0000027299e71c60_0;
S_0000027299e49b20 .scope module, "mux1" "mux_2x1" 2 58, 9 2 0, S_0000027299e55810;
 .timescale -9 -12;
    .port_info 0 /INPUT 1 "select";
    .port_info 1 /INPUT 5 "A";
    .port_info 2 /INPUT 5 "B";
    .port_info 3 /OUTPUT 5 "out";
L_0000027299f10088 .functor BUFT 1, C4<00000>, C4<0>, C4<0>, C4<0>;
v0000027299ec9db0_0 .net "A", 4 0, L_0000027299f10088;  1 drivers
v0000027299ecae90_0 .net "B", 4 0, v0000027299eca5d0_0;  alias, 1 drivers
v0000027299ec9c70_0 .var "out", 4 0;
v0000027299eca990_0 .net "select", 0 0, o0000027299e78808;  alias, 0 drivers
E_0000027299e737c0 .event anyedge, v0000027299ecae90_0, v0000027299ec9db0_0, v0000027299eca990_0;
S_0000027299f0e0a0 .scope module, "mux2" "mux_2x1" 2 122, 9 2 0, S_0000027299e55810;
 .timescale -9 -12;
    .port_info 0 /INPUT 1 "select";
    .port_info 1 /INPUT 5 "A";
    .port_info 2 /INPUT 5 "B";
    .port_info 3 /OUTPUT 5 "out";
v0000027299ecb6b0_0 .net "A", 4 0, v0000027299eca8f0_0;  alias, 1 drivers
v0000027299ecab70_0 .net "B", 4 0, v0000027299ecd5f0_0;  alias, 1 drivers
v0000027299eca5d0_0 .var "out", 4 0;
v0000027299eca490_0 .net "select", 0 0, o0000027299e78928;  alias, 0 drivers
E_0000027299e73bc0 .event anyedge, v0000027299ecab70_0, v0000027299eca8f0_0, v0000027299eca490_0;
S_0000027299f0e230 .scope module, "mux3" "mux_2x1_16bit" 2 140, 10 2 0, S_0000027299e55810;
 .timescale -9 -12;
    .port_info 0 /INPUT 1 "select";
    .port_info 1 /INPUT 4 "A";
    .port_info 2 /INPUT 4 "B";
    .port_info 3 /OUTPUT 4 "out";
v0000027299ecac10_0 .net "A", 3 0, o0000027299e78a18;  alias, 0 drivers
v0000027299ec9ef0_0 .net "B", 3 0, v0000027299eccd30_0;  alias, 1 drivers
v0000027299ec99f0_0 .var "out", 3 0;
v0000027299eca7b0_0 .net "select", 0 0, o0000027299e78a78;  alias, 0 drivers
E_0000027299e73000 .event anyedge, v0000027299ec9ef0_0, v0000027299ecac10_0, v0000027299eca7b0_0;
S_0000027299e57db0 .scope module, "mux4" "mux_2x1" 2 99, 9 2 0, S_0000027299e55810;
 .timescale -9 -12;
    .port_info 0 /INPUT 1 "select";
    .port_info 1 /INPUT 5 "A";
    .port_info 2 /INPUT 5 "B";
    .port_info 3 /OUTPUT 5 "out";
v0000027299eca850_0 .net "A", 4 0, v0000027299e71440_0;  alias, 1 drivers
v0000027299eca3f0_0 .net "B", 4 0, v0000027299ecb110_0;  alias, 1 drivers
v0000027299ec9d10_0 .var "out", 4 0;
v0000027299ec9b30_0 .net "select", 0 0, o0000027299e78b98;  alias, 0 drivers
E_0000027299e73840 .event anyedge, v0000027299eca3f0_0, v0000027299e71440_0, v0000027299ec9b30_0;
S_0000027299e57f40 .scope module, "quotient_reg" "register_q" 2 172, 4 2 0, S_0000027299e55810;
 .timescale -9 -12;
    .port_info 0 /INPUT 1 "rst";
    .port_info 1 /INPUT 1 "clk";
    .port_info 2 /INPUT 1 "ld_register";
    .port_info 3 /INPUT 4 "input_data";
    .port_info 4 /OUTPUT 4 "output_data";
v0000027299ec9e50_0 .net "clk", 0 0, o0000027299e77ff8;  alias, 0 drivers
v0000027299ecb430_0 .net "input_data", 3 0, v0000027299eccd30_0;  alias, 1 drivers
v0000027299ecb4d0_0 .net "ld_register", 0 0, o0000027299e78c88;  alias, 0 drivers
v0000027299ec9950_0 .var "output_data", 3 0;
v0000027299ec9f90_0 .net "rst", 0 0, o0000027299e780b8;  alias, 0 drivers
S_0000027299e5cd30 .scope module, "remainder_reg" "register_a" 2 163, 3 2 0, S_0000027299e55810;
 .timescale -9 -12;
    .port_info 0 /INPUT 1 "rst";
    .port_info 1 /INPUT 1 "clk";
    .port_info 2 /INPUT 1 "ld_register";
    .port_info 3 /INPUT 5 "input_data";
    .port_info 4 /OUTPUT 5 "output_data";
v0000027299ecaa30_0 .net "clk", 0 0, o0000027299e77ff8;  alias, 0 drivers
v0000027299eca170_0 .net "input_data", 4 0, v0000027299e71440_0;  alias, 1 drivers
v0000027299eca350_0 .net "ld_register", 0 0, o0000027299e78c88;  alias, 0 drivers
v0000027299ecaad0_0 .var "output_data", 4 0;
v0000027299ecaf30_0 .net "rst", 0 0, o0000027299e780b8;  alias, 0 drivers
S_0000027299e5cec0 .scope module, "shift_A_left" "shift_register_a" 2 84, 11 2 0, S_0000027299e55810;
 .timescale -9 -12;
    .port_info 0 /INPUT 1 "rst";
    .port_info 1 /INPUT 1 "clk";
    .port_info 2 /INPUT 5 "A";
    .port_info 3 /INPUT 4 "Q";
    .port_info 4 /INPUT 1 "shift_left_enable_a";
    .port_info 5 /OUTPUT 5 "shift_out";
v0000027299ecacb0_0 .net "A", 4 0, v0000027299e71440_0;  alias, 1 drivers
v0000027299ecb750_0 .net "Q", 3 0, v0000027299eca0d0_0;  alias, 1 drivers
v0000027299ecad50_0 .net "clk", 0 0, o0000027299e77ff8;  alias, 0 drivers
v0000027299ecafd0_0 .net "rst", 0 0, o0000027299e780b8;  alias, 0 drivers
v0000027299ecb070_0 .net "shift_left_enable_a", 0 0, o0000027299e78ef8;  alias, 0 drivers
v0000027299ecb110_0 .var "shift_out", 4 0;
S_0000027299e5b7d0 .scope module, "shift_Q_left" "shift_register_q" 2 130, 12 2 0, S_0000027299e55810;
 .timescale -9 -12;
    .port_info 0 /INPUT 1 "rst";
    .port_info 1 /INPUT 1 "clk";
    .port_info 2 /INPUT 1 "shift_left_enable_q";
    .port_info 3 /INPUT 4 "Q";
    .port_info 4 /INPUT 1 "A";
    .port_info 5 /OUTPUT 4 "shift_out";
v0000027299ecb7f0_0 .net "A", 0 0, L_0000027299ecdd70;  1 drivers
v0000027299ecd730_0 .net "Q", 3 0, v0000027299eca0d0_0;  alias, 1 drivers
v0000027299eccc90_0 .net "clk", 0 0, o0000027299e77ff8;  alias, 0 drivers
v0000027299ecdeb0_0 .net "rst", 0 0, o0000027299e780b8;  alias, 0 drivers
v0000027299ecd9b0_0 .net "shift_left_enable_q", 0 0, o0000027299e79078;  alias, 0 drivers
v0000027299eccd30_0 .var "shift_out", 3 0;
S_0000027299e5b960 .scope module, "subtractor1" "subtractor" 2 115, 13 2 0, S_0000027299e55810;
 .timescale -9 -12;
    .port_info 0 /INPUT 5 "A";
    .port_info 1 /INPUT 5 "B";
    .port_info 2 /OUTPUT 5 "difference";
v0000027299ecd2d0_0 .net "A", 4 0, v0000027299ecb110_0;  alias, 1 drivers
v0000027299ece4f0_0 .net "B", 4 0, L_0000027299eccb50;  1 drivers
v0000027299ecd5f0_0 .var "difference", 4 0;
E_0000027299e73600 .event anyedge, v0000027299ece4f0_0, v0000027299eca3f0_0;
    .scope S_0000027299e49b20;
T_0 ;
    %wait E_0000027299e737c0;
    %load/vec4 v0000027299eca990_0;
    %flag_set/vec4 8;
    %jmp/0xz  T_0.0, 8;
    %load/vec4 v0000027299ec9db0_0;
    %store/vec4 v0000027299ec9c70_0, 0, 5;
    %jmp T_0.1;
T_0.0 ;
    %load/vec4 v0000027299ecae90_0;
    %store/vec4 v0000027299ec9c70_0, 0, 5;
T_0.1 ;
    %jmp T_0;
    .thread T_0, $push;
    .scope S_0000027299e559a0;
T_1 ;
    %wait E_0000027299e73580;
    %load/vec4 v0000027299e714e0_0;
    %flag_set/vec4 8;
    %jmp/0xz  T_1.0, 8;
    %pushi/vec4 0, 0, 5;
    %assign/vec4 v0000027299e71440_0, 0;
    %jmp T_1.1;
T_1.0 ;
    %load/vec4 v0000027299e713a0_0;
    %flag_set/vec4 8;
    %jmp/0xz  T_1.2, 8;
    %load/vec4 v0000027299e71260_0;
    %assign/vec4 v0000027299e71440_0, 0;
T_1.2 ;
T_1.1 ;
    %jmp T_1;
    .thread T_1;
    .scope S_0000027299e4cd80;
T_2 ;
    %wait E_0000027299e73580;
    %load/vec4 v0000027299eca2b0_0;
    %flag_set/vec4 8;
    %jmp/0xz  T_2.0, 8;
    %pushi/vec4 0, 0, 4;
    %assign/vec4 v0000027299eca0d0_0, 0;
    %jmp T_2.1;
T_2.0 ;
    %load/vec4 v0000027299ecb250_0;
    %flag_set/vec4 8;
    %jmp/0xz  T_2.2, 8;
    %load/vec4 v0000027299eca210_0;
    %assign/vec4 v0000027299eca0d0_0, 0;
T_2.2 ;
T_2.1 ;
    %jmp T_2;
    .thread T_2;
    .scope S_0000027299e5cec0;
T_3 ;
    %wait E_0000027299e73580;
    %load/vec4 v0000027299ecafd0_0;
    %flag_set/vec4 8;
    %jmp/0xz  T_3.0, 8;
    %pushi/vec4 0, 0, 5;
    %assign/vec4 v0000027299ecb110_0, 0;
    %jmp T_3.1;
T_3.0 ;
    %load/vec4 v0000027299ecb070_0;
    %cmpi/e 1, 0, 1;
    %jmp/0xz  T_3.2, 4;
    %load/vec4 v0000027299ecacb0_0;
    %parti/s 4, 0, 2;
    %load/vec4 v0000027299ecb750_0;
    %parti/s 1, 3, 3;
    %concat/vec4; draw_concat_vec4
    %assign/vec4 v0000027299ecb110_0, 0;
T_3.2 ;
T_3.1 ;
    %jmp T_3;
    .thread T_3;
    .scope S_0000027299e61420;
T_4 ;
    %wait E_0000027299e734c0;
    %load/vec4 v0000027299ecb1b0_0;
    %load/vec4 v0000027299eca670_0;
    %cmp/e;
    %jmp/0xz  T_4.0, 4;
    %pushi/vec4 1, 0, 1;
    %store/vec4 v0000027299ecb610_0, 0, 1;
    %jmp T_4.1;
T_4.0 ;
    %pushi/vec4 0, 0, 1;
    %store/vec4 v0000027299ecb610_0, 0, 1;
T_4.1 ;
    %jmp T_4;
    .thread T_4, $push;
    .scope S_0000027299e57db0;
T_5 ;
    %wait E_0000027299e73840;
    %load/vec4 v0000027299ec9b30_0;
    %flag_set/vec4 8;
    %jmp/0xz  T_5.0, 8;
    %load/vec4 v0000027299eca850_0;
    %store/vec4 v0000027299ec9d10_0, 0, 5;
    %jmp T_5.1;
T_5.0 ;
    %load/vec4 v0000027299eca3f0_0;
    %store/vec4 v0000027299ec9d10_0, 0, 5;
T_5.1 ;
    %jmp T_5;
    .thread T_5, $push;
    .scope S_0000027299e4cf10;
T_6 ;
    %wait E_0000027299e73c80;
    %load/vec4 v0000027299eca530_0;
    %load/vec4 v0000027299ecb2f0_0;
    %add;
    %store/vec4 v0000027299eca8f0_0, 0, 5;
    %jmp T_6;
    .thread T_6, $push;
    .scope S_0000027299e5b960;
T_7 ;
    %wait E_0000027299e73600;
    %load/vec4 v0000027299ecd2d0_0;
    %load/vec4 v0000027299ece4f0_0;
    %sub;
    %store/vec4 v0000027299ecd5f0_0, 0, 5;
    %jmp T_7;
    .thread T_7, $push;
    .scope S_0000027299f0e0a0;
T_8 ;
    %wait E_0000027299e73bc0;
    %load/vec4 v0000027299eca490_0;
    %flag_set/vec4 8;
    %jmp/0xz  T_8.0, 8;
    %load/vec4 v0000027299ecb6b0_0;
    %store/vec4 v0000027299eca5d0_0, 0, 5;
    %jmp T_8.1;
T_8.0 ;
    %load/vec4 v0000027299ecab70_0;
    %store/vec4 v0000027299eca5d0_0, 0, 5;
T_8.1 ;
    %jmp T_8;
    .thread T_8, $push;
    .scope S_0000027299e5b7d0;
T_9 ;
    %wait E_0000027299e73580;
    %load/vec4 v0000027299ecdeb0_0;
    %flag_set/vec4 8;
    %jmp/0xz  T_9.0, 8;
    %pushi/vec4 0, 0, 4;
    %assign/vec4 v0000027299eccd30_0, 0;
    %jmp T_9.1;
T_9.0 ;
    %load/vec4 v0000027299ecd9b0_0;
    %cmpi/e 1, 0, 1;
    %jmp/0xz  T_9.2, 4;
    %load/vec4 v0000027299ecd730_0;
    %parti/s 3, 0, 2;
    %load/vec4 v0000027299ecb7f0_0;
    %inv;
    %concat/vec4; draw_concat_vec4
    %assign/vec4 v0000027299eccd30_0, 0;
T_9.2 ;
T_9.1 ;
    %jmp T_9;
    .thread T_9;
    .scope S_0000027299f0e230;
T_10 ;
    %wait E_0000027299e73000;
    %load/vec4 v0000027299eca7b0_0;
    %flag_set/vec4 8;
    %jmp/0xz  T_10.0, 8;
    %load/vec4 v0000027299ecac10_0;
    %store/vec4 v0000027299ec99f0_0, 0, 4;
    %jmp T_10.1;
T_10.0 ;
    %load/vec4 v0000027299ec9ef0_0;
    %store/vec4 v0000027299ec99f0_0, 0, 4;
T_10.1 ;
    %jmp T_10;
    .thread T_10, $push;
    .scope S_0000027299e49990;
T_11 ;
    %wait E_0000027299e73d40;
    %load/vec4 v0000027299ecb570_0;
    %flag_set/vec4 8;
    %jmp/0xz  T_11.0, 8;
    %pushi/vec4 0, 0, 2;
    %assign/vec4 v0000027299eca030_0, 0;
    %jmp T_11.1;
T_11.0 ;
    %load/vec4 v0000027299ec9a90_0;
    %cmpi/e 1, 0, 1;
    %jmp/0xz  T_11.2, 4;
    %load/vec4 v0000027299eca030_0;
    %addi 1, 0, 2;
    %assign/vec4 v0000027299eca030_0, 0;
T_11.2 ;
T_11.1 ;
    %jmp T_11;
    .thread T_11;
    .scope S_0000027299e61290;
T_12 ;
    %wait E_0000027299e73a80;
    %load/vec4 v0000027299ecadf0_0;
    %load/vec4 v0000027299ecb390_0;
    %cmp/e;
    %jmp/0xz  T_12.0, 4;
    %pushi/vec4 1, 0, 1;
    %store/vec4 v0000027299eca710_0, 0, 1;
    %jmp T_12.1;
T_12.0 ;
    %pushi/vec4 0, 0, 1;
    %store/vec4 v0000027299eca710_0, 0, 1;
T_12.1 ;
    %jmp T_12;
    .thread T_12, $push;
    .scope S_0000027299e5cd30;
T_13 ;
    %wait E_0000027299e73580;
    %load/vec4 v0000027299ecaf30_0;
    %flag_set/vec4 8;
    %jmp/0xz  T_13.0, 8;
    %pushi/vec4 0, 0, 5;
    %assign/vec4 v0000027299ecaad0_0, 0;
    %jmp T_13.1;
T_13.0 ;
    %load/vec4 v0000027299eca350_0;
    %flag_set/vec4 8;
    %jmp/0xz  T_13.2, 8;
    %load/vec4 v0000027299eca170_0;
    %assign/vec4 v0000027299ecaad0_0, 0;
T_13.2 ;
T_13.1 ;
    %jmp T_13;
    .thread T_13;
    .scope S_0000027299e57f40;
T_14 ;
    %wait E_0000027299e73580;
    %load/vec4 v0000027299ec9f90_0;
    %flag_set/vec4 8;
    %jmp/0xz  T_14.0, 8;
    %pushi/vec4 0, 0, 4;
    %assign/vec4 v0000027299ec9950_0, 0;
    %jmp T_14.1;
T_14.0 ;
    %load/vec4 v0000027299ecb4d0_0;
    %flag_set/vec4 8;
    %jmp/0xz  T_14.2, 8;
    %load/vec4 v0000027299ecb430_0;
    %assign/vec4 v0000027299ec9950_0, 0;
T_14.2 ;
T_14.1 ;
    %jmp T_14;
    .thread T_14;
# The file index is used to find the file name in the following table.
:file_names 14;
    "N/A";
    "<interactive>";
    "restoring_division_datapath.v";
    "./register_a.v";
    "./register_q.v";
    "./adder.v";
    "./comparator.v";
    "./comparator_1bit.v";
    "./counter.v";
    "./mux_2x1.v";
    "./mux_2x1_16bit.v";
    "./shift_register_a.v";
    "./shift_register_q.v";
    "./subtractor.v";
